#
# A fatal error has been detected by the Java Runtime Environment:
#
#  EXCEPTION_ACCESS_VIOLATION (0xc0000005) at pc=0x00007ff9776364a7, pid=42080, tid=3032
#
# JRE version: OpenJDK Runtime Environment (23.0.1+11) (build 23.0.1+11-39)
# Java VM: OpenJDK 64-Bit Server VM (23.0.1+11-39, mixed mode, sharing, tiered, compressed oops, compressed class ptrs, g1 gc, windows-amd64)
# Problematic frame:
# C  [glass.dll+0x264a7]
#
# No core dump will be written. Minidumps are not enabled by default on client versions of Windows
#
# If you would like to submit a bug report, please visit:
#   https://bugreport.java.com/bugreport/crash.jsp
#

---------------  S U M M A R Y ------------

Command Line: -javaagent:C:\Program Files\JetBrains\IntelliJ IDEA Community Edition 2024.2.1\lib\idea_rt.jar=42471:C:\Program Files\JetBrains\IntelliJ IDEA Community Edition 2024.2.1\bin -Dfile.encoding=UTF-8 -Dsun.stdout.encoding=UTF-8 -Dsun.stderr.encoding=UTF-8 --module-path=C:\Users\levch\.m2\repository\org\slf4j\slf4j-api\2.0.7\slf4j-api-2.0.7.jar;C:\Users\levch\.m2\repository\com\google\errorprone\error_prone_annotations\2.27.0\error_prone_annotations-2.27.0.jar;C:\Users\levch\.m2\repository\org\openjfx\javafx-base\22-ea+11\javafx-base-22-ea+11-win.jar;C:\Users\levch\.m2\repository\org\openjfx\javafx-controls\22-ea+11\javafx-controls-22-ea+11-win.jar;C:\Users\levch\.m2\repository\org\openjfx\javafx-graphics\22-ea+11\javafx-graphics-22-ea+11-win.jar;C:\Users\levch\IdeaProjects\Pong\client\target\classes;C:\Users\levch\.m2\repository\com\google\code\gson\gson\2.11.0\gson-2.11.0.jar;C:\Users\levch\.m2\repository\ch\qos\logback\logback-classic\1.4.11\logback-classic-1.4.11.jar;C:\Users\levch\.m2\repository\org\openjfx\javafx-fxml\22-ea+11\javafx-fxml-22-ea+11-win.jar;C:\Users\levch\.m2\repository\ch\qos\logback\logback-core\1.4.11\logback-core-1.4.11.jar -Djdk.module.main=ru.mono.pong ru.mono.pong/ru.mono.pong.Main

Host: 12th Gen Intel(R) Core(TM) i7-12700H, 20 cores, 15G,  Windows 11 , 64 bit Build 26100 (10.0.26100.2454)
Time: Wed Jan 22 01:50:01 2025  Windows 11 , 64 bit Build 26100 (10.0.26100.2454) elapsed time: 46.382535 seconds (0d 0h 0m 46s)

---------------  T H R E A D  ---------------

Current thread (0x000001976de3eb70):  VMThread "VM Thread"          [id=3032, stack(0x0000009615200000,0x0000009615300000) (1024K)]

Stack: [0x0000009615200000,0x0000009615300000],  sp=0x00000096152fef60,  free space=1019k
Native frames: (J=compiled Java code, j=interpreted, Vv=VM code, C=native code)
C  [glass.dll+0x264a7]  (no source info available)
C  [ucrtbase.dll+0x1cf05]  (no source info available)
C  [ucrtbase.dll+0x1ce27]  (no source info available)
C  [ucrtbase.dll+0x1cddd]  (no source info available)
C  [glass.dll+0x23cad]  (no source info available)
C  [glass.dll+0x23dd2]  (no source info available)
C  [ntdll.dll+0x1d860]  (no source info available)
C  [ntdll.dll+0xe0bc0]  (no source info available)
C  [ntdll.dll+0xdfd84]  (no source info available)
C  [KERNEL32.DLL+0x418ab]  (no source info available)
C  [ucrtbase.dll+0xa0543]  (no source info available)
V  [jvm.dll+0x6d990c]  (no source info available)
V  [jvm.dll+0x6d9440]  (no source info available)
V  [jvm.dll+0x3da534]  (no source info available)
V  [jvm.dll+0x886720]  (no source info available)
V  [jvm.dll+0x887a47]  (no source info available)
V  [jvm.dll+0x887f78]  (no source info available)
V  [jvm.dll+0x888213]  (no source info available)
V  [jvm.dll+0x824f8b]  (no source info available)
V  [jvm.dll+0x6df065]  (no source info available)
C  [ucrtbase.dll+0x14ea0]  (no source info available)
C  [KERNEL32.DLL+0x2e8d7]  (no source info available)
C  [ntdll.dll+0xdfbcc]  (no source info available)


siginfo: EXCEPTION_ACCESS_VIOLATION (0xc0000005), reading address 0x0000000000000000


Registers:
RAX=0x0000000000000000, RBX=0x000001976de4acfa, RCX=0x000001976de3eb70, RDX=0x00000096152fef60
RSP=0x00000096152fef60, RBP=0x00002a8c43057266, RSI=0x0000019746d3c0c8, RDI=0x0000019746d3c0a0
R8 =0x0000000000010002, R9 =0x00002a8c43057266, R10=0x000001974b800000, R11=0x00000096152ff048
R12=0x0000000000000001, R13=0x000000007ffe0385, R14=0x00000096152ff068, R15=0x0000019746d3c0a0
RIP=0x00007ff9776364a7, EFLAGS=0x0000000000010202


Register to memory mapping:

RAX=0x0 is null
RBX=0x000001976de4acfa is a global jni handle
RCX=0x000001976de3eb70 points into unknown readable memory: 0x00007ff8cb1cf688 | 88 f6 1c cb f8 7f 00 00
RDX=0x00000096152fef60 points into unknown readable memory: 0x0000000000000000 | 00 00 00 00 00 00 00 00
RSP=0x00000096152fef60 points into unknown readable memory: 0x0000000000000000 | 00 00 00 00 00 00 00 00
RBP=0x00002a8c43057266 is an unknown value
RSI=0x0000019746d3c0c8 points into unknown readable memory: 0x00002a8c43057266 | 66 72 05 43 8c 2a 00 00
RDI=0x0000019746d3c0a0 points into unknown readable memory: 0xd8ce648c431a8c3b | 3b 8c 1a 43 8c 64 ce d8
R8 =0x0000000000010002 is an unknown value
R9 =0x00002a8c43057266 is an unknown value
R10=0x000001974b800000 points into unknown readable memory: 0x0000000000000000 | 00 00 00 00 00 00 00 00
R11=0x00000096152ff048 points into unknown readable memory: 0x00007ff977633cad | ad 3c 63 77 f9 7f 00 00
R12=0x0000000000000001 is an unknown value
R13=0x000000007ffe0385 points into unknown readable memory: 00 00 00
R14=0x00000096152ff068 points into unknown readable memory: 0x00000096152ff050 | 50 f0 2f 15 96 00 00 00
R15=0x0000019746d3c0a0 points into unknown readable memory: 0xd8ce648c431a8c3b | 3b 8c 1a 43 8c 64 ce d8

Top of Stack: (sp=0x00000096152fef60)
0x00000096152fef60:   0000000000000000 0000019700000000
0x00000096152fef70:   00000197464dd120 0000000000000001
0x00000096152fef80:   0000019746d3c0a8 00007ff991cacf05
0x00000096152fef90:   0000019746d3c0a0 0000019700000000
0x00000096152fefa0:   0000019746d3c0c0 00002a8c43057266
0x00000096152fefb0:   fffffffffffffffe 0000000000000001
0x00000096152fefc0:   00007ff977610000 00007ff977610000
0x00000096152fefd0:   00000096152ff058 00007ff991cace27
0x00000096152fefe0:   00000096152ff000 00000096152ff068
0x00000096152feff0:   00000096152ff590 00007ff991dc88c0
0x00000096152ff000:   0000000000000001 00007ff991cacddd
0x00000096152ff010:   0000000000000000 0000000000000001
0x00000096152ff020:   0000000000000000 00000096152ff058
0x00000096152ff030:   fffffffffffffffe 0000009600000000
0x00000096152ff040:   ffffffff00000001 00007ff977633cad
0x00000096152ff050:   00007ff977649fd8 00007ff900000002
0x00000096152ff060:   0000000000000002 00000096152ff050
0x00000096152ff070:   00007ff990740000 0000000000000001
0x00000096152ff080:   0000000000000000 00007ff977633dd2
0x00000096152ff090:   0000000000000001 000000007ffe0300
0x00000096152ff0a0:   0000000000000001 0000000000000001
0x00000096152ff0b0:   000000007ffe0384 00007ff994202888
0x00000096152ff0c0:   0000000000000001 00000000000000bc
0x00000096152ff0d0:   0000000000000000 0000000000000001
0x00000096152ff0e0:   00007ff977633e20 00007ff99435d860
0x00000096152ff0f0:   00007ff977610000 00007ff900000000
0x00000096152ff100:   0000000000000001 000000007ffe0384
0x00000096152ff110:   000000000000008d 0000000000000000
0x00000096152ff120:   0000000000000000 0000000000000000
0x00000096152ff130:   00007ff977610000 0000004a00000000
0x00000096152ff140:   0000000000000000 0000000000000000
0x00000096152ff150:   0000000000000000 000001974bb36780 

Instructions: (pc=0x00007ff9776364a7)
0x00007ff9776363a7:   8b 4d 58 e8 bd cf ff ff 48 8b 4d 60 e8 b4 cf ff
0x00007ff9776363b7:   ff 48 8b 95 80 00 00 00 48 8b 8d 18 01 00 00 e8
0x00007ff9776363c7:   a6 c4 ff ff 33 d2 33 c9 e8 fc e1 ff ff 90 48 89
0x00007ff9776363d7:   54 24 10 55 48 83 ec 20 48 8b ea 48 b8 00 00 00
0x00007ff9776363e7:   00 00 00 00 00 48 83 c4 20 5d c3 cc 40 55 48 8b
0x00007ff9776363f7:   ea 48 8b 01 33 c9 81 38 05 00 00 c0 0f 94 c1 8b
0x00007ff977636407:   c1 5d c3 cc 40 55 48 83 ec 20 48 8b ea 8a 4d 40
0x00007ff977636417:   48 83 c4 20 5d e9 a3 d3 ff ff cc 40 55 48 83 ec
0x00007ff977636427:   20 48 8b ea 8a 4d 20 e8 91 d3 ff ff 90 48 83 c4
0x00007ff977636437:   20 5d c3 cc 40 55 48 83 ec 20 48 8b ea 48 83 c4
0x00007ff977636447:   20 5d e9 f2 d1 ff ff cc 40 55 48 83 ec 30 48 8b
0x00007ff977636457:   ea 48 8b 01 8b 10 48 89 4c 24 28 89 54 24 20 4c
0x00007ff977636467:   8d 0d 93 d6 ff ff 4c 8b 45 70 8b 55 68 48 8b 4d
0x00007ff977636477:   60 e8 33 d1 ff ff 90 48 83 c4 30 5d c3 cc cc cc
0x00007ff977636487:   cc cc cc cc cc cc cc cc cc 40 53 48 83 ec 20 48
0x00007ff977636497:   8b 1d 6b 35 01 00 48 85 db 74 16 e8 b9 8f ff ff
0x00007ff9776364a7:   4c 8b 00 48 8b d3 48 8b c8 41 ff 90 b0 00 00 00
0x00007ff9776364b7:   90 48 83 c4 20 5b c3 cc cc 40 53 48 83 ec 20 48
0x00007ff9776364c7:   8b 1d ab 36 01 00 48 85 db 74 57 b8 ff ff ff ff
0x00007ff9776364d7:   f0 0f c1 43 10 83 f8 01 75 3d 48 85 db 74 38 48
0x00007ff9776364e7:   8b 0b 48 85 c9 74 0d ff 15 b4 0d 00 00 48 c7 03
0x00007ff9776364f7:   00 00 00 00 48 8b 4b 08 48 85 c9 74 0d e8 63 ce
0x00007ff977636507:   ff ff 48 c7 43 08 00 00 00 00 ba 18 00 00 00 48
0x00007ff977636517:   8b cb e8 4e ce ff ff 48 c7 05 4f 36 01 00 00 00
0x00007ff977636527:   00 00 48 83 c4 20 5b c3 cc 40 53 48 83 ec 20 48
0x00007ff977636537:   8b 1d 1b 36 01 00 48 85 db 74 57 b8 ff ff ff ff
0x00007ff977636547:   f0 0f c1 43 10 83 f8 01 75 3d 48 85 db 74 38 48
0x00007ff977636557:   8b 0b 48 85 c9 74 0d ff 15 44 0d 00 00 48 c7 03
0x00007ff977636567:   00 00 00 00 48 8b 4b 08 48 85 c9 74 0d e8 f3 cd
0x00007ff977636577:   ff ff 48 c7 43 08 00 00 00 00 ba 18 00 00 00 48
0x00007ff977636587:   8b cb e8 de cd ff ff 48 c7 05 bf 35 01 00 00 00
0x00007ff977636597:   00 00 48 83 c4 20 5b c3 cc 40 53 48 83 ec 20 48 


Stack slot to memory mapping:

stack at sp + 0 slots: 0x0 is null
stack at sp + 1 slots: 0x0000019700000000 is pointing into metadata
stack at sp + 2 slots: 0x00000197464dd120 points into unknown readable memory: 0x00000197464dd090 | 90 d0 4d 46 97 01 00 00
stack at sp + 3 slots: 0x0000000000000001 is an unknown value
stack at sp + 4 slots: 0x0000019746d3c0a8 points into unknown readable memory: 0x00002a8c43057266 | 66 72 05 43 8c 2a 00 00
stack at sp + 5 slots: 0x00007ff991cacf05 ucrtbase.dll
stack at sp + 6 slots: 0x0000019746d3c0a0 points into unknown readable memory: 0xd8ce648c431a8c3b | 3b 8c 1a 43 8c 64 ce d8
stack at sp + 7 slots: 0x0000019700000000 is pointing into metadata

VM_Operation (0x0000009615bff130): Exit, mode: safepoint, requested by thread 0x000001974786c8b0


---------------  P R O C E S S  ---------------

Threads class SMR info:
_java_thread_list=0x0000019745d6ffd0, length=35, elements={
0x000001974b7369f0, 0x000001976de5ae70, 0x000001976de5bad0, 0x000001976de67d50,
0x000001976de69cf0, 0x000001976de6b890, 0x000001976de77030, 0x0000019745030090,
0x00000197451d8390, 0x00000197451d8a20, 0x00000197451d90b0, 0x00000197451d5c30,
0x00000197451d6fe0, 0x00000197451d7670, 0x00000197451d6950, 0x0000019746a85bf0,
0x0000019746a841b0, 0x0000019746a84ed0, 0x0000019746a89d90, 0x0000019746a8aab0,
0x0000019746a89070, 0x0000019746a88350, 0x0000019746a8a420, 0x000001974786bb90,
0x000001974786e2f0, 0x000001974786c220, 0x000001974786cf40, 0x000001974786dc60,
0x000001974786ae70, 0x000001974786e980, 0x000001974786b500, 0x000001974786f010,
0x000001974786f6a0, 0x000001974786fd30, 0x000001974786c8b0
}

Java Threads: ( => current thread )
  0x000001974b7369f0 JavaThread "main"                              [_thread_blocked, id=32120, stack(0x0000009614b00000,0x0000009614c00000) (1024K)]
  0x000001976de5ae70 JavaThread "Reference Handler"          daemon [_thread_blocked, id=38152, stack(0x0000009615300000,0x0000009615400000) (1024K)]
  0x000001976de5bad0 JavaThread "Finalizer"                  daemon [_thread_blocked, id=40996, stack(0x0000009615400000,0x0000009615500000) (1024K)]
  0x000001976de67d50 JavaThread "Attach Listener"            daemon [_thread_blocked, id=16292, stack(0x0000009615600000,0x0000009615700000) (1024K)]
  0x000001976de69cf0 JavaThread "Service Thread"             daemon [_thread_blocked, id=44792, stack(0x0000009615700000,0x0000009615800000) (1024K)]
  0x000001976de6b890 JavaThread "Monitor Deflation Thread"   daemon [_thread_blocked, id=32032, stack(0x0000009615800000,0x0000009615900000) (1024K)]
  0x000001976de77030 JavaThread "C2 CompilerThread0"         daemon [_thread_blocked, id=5148, stack(0x0000009615900000,0x0000009615a00000) (1024K)]
  0x0000019745030090 JavaThread "C1 CompilerThread0"         daemon [_thread_blocked, id=42768, stack(0x0000009615a00000,0x0000009615b00000) (1024K)]
  0x00000197451d8390 JavaThread "Common-Cleaner"             daemon [_thread_blocked, id=19896, stack(0x0000009615c00000,0x0000009615d00000) (1024K)]
  0x00000197451d8a20 JavaThread "Monitor Ctrl-Break"         daemon [_thread_in_native, id=45216, stack(0x0000009616400000,0x0000009616500000) (1024K)]
  0x00000197451d90b0 JavaThread "Notification Thread"        daemon [_thread_blocked, id=32576, stack(0x0000009616500000,0x0000009616600000) (1024K)]
  0x00000197451d5c30 JavaThread "QuantumRenderer-0"          daemon [_thread_blocked, id=36656, stack(0x0000009616600000,0x0000009616700000) (1024K)]
  0x00000197451d6fe0 JavaThread "InvokeLaterDispatcher"      daemon [_thread_blocked, id=27636, stack(0x0000009616200000,0x0000009616300000) (1024K)]
  0x00000197451d7670 JavaThread "JavaFX Application Thread"         [_thread_blocked, id=44988, stack(0x0000009616300000,0x0000009616400000) (1024K)]
  0x00000197451d6950 JavaThread "Thread-1"                   daemon [_thread_in_native, id=45304, stack(0x0000009616000000,0x0000009616100000) (1024K)]
  0x0000019746a85bf0 JavaThread "JavaFX-Launcher"                   [_thread_blocked, id=41788, stack(0x0000009616d00000,0x0000009616e00000) (1024K)]
  0x0000019746a841b0 JavaThread "Prism Font Disposer"        daemon [_thread_blocked, id=45908, stack(0x0000009617800000,0x0000009617900000) (1024K)]
  0x0000019746a84ed0 JavaThread "Cleaner-0"                  daemon [_thread_blocked, id=44720, stack(0x0000009617900000,0x0000009617a00000) (1024K)]
  0x0000019746a89d90 JavaThread "HttpClient-1-SelectorManager" daemon [_thread_in_native, id=45364, stack(0x0000009618000000,0x0000009618100000) (1024K)]
  0x0000019746a8aab0 JavaThread "HttpClient-1-Worker-0"      daemon [_thread_blocked, id=41104, stack(0x0000009618200000,0x0000009618300000) (1024K)]
  0x0000019746a89070 JavaThread "HttpClient-1-Worker-1"      daemon [_thread_blocked, id=46464, stack(0x0000009618300000,0x0000009618400000) (1024K)]
  0x0000019746a88350 JavaThread "HttpClient-1-Worker-2"      daemon [_thread_blocked, id=6796, stack(0x0000009618400000,0x0000009618500000) (1024K)]
  0x0000019746a8a420 JavaThread "HttpClient-2-SelectorManager" daemon [_thread_in_native, id=45220, stack(0x0000009618500000,0x0000009618600000) (1024K)]
  0x000001974786bb90 JavaThread "HttpClient-2-Worker-0"      daemon [_thread_blocked, id=36512, stack(0x0000009618600000,0x0000009618700000) (1024K)]
  0x000001974786e2f0 JavaThread "HttpClient-2-Worker-1"      daemon [_thread_blocked, id=4060, stack(0x0000009618700000,0x0000009618800000) (1024K)]
  0x000001974786c220 JavaThread "HttpClient-2-Worker-2"      daemon [_thread_blocked, id=44984, stack(0x0000009618800000,0x0000009618900000) (1024K)]
  0x000001974786cf40 JavaThread "HttpClient-3-SelectorManager" daemon [_thread_in_native, id=33352, stack(0x0000009618c00000,0x0000009618d00000) (1024K)]
  0x000001974786dc60 JavaThread "HttpClient-3-Worker-0"      daemon [_thread_blocked, id=41608, stack(0x0000009618d00000,0x0000009618e00000) (1024K)]
  0x000001974786ae70 JavaThread "HttpClient-3-Worker-1"      daemon [_thread_blocked, id=43568, stack(0x0000009618e00000,0x0000009618f00000) (1024K)]
  0x000001974786e980 JavaThread "HttpClient-4-SelectorManager" daemon [_thread_in_native, id=25752, stack(0x0000009616e00000,0x0000009616f00000) (1024K)]
  0x000001974786b500 JavaThread "HttpClient-4-Worker-0"      daemon [_thread_blocked, id=31672, stack(0x0000009618900000,0x0000009618a00000) (1024K)]
  0x000001974786f010 JavaThread "HttpClient-4-Worker-1"      daemon [_thread_blocked, id=7476, stack(0x0000009618a00000,0x0000009618b00000) (1024K)]
  0x000001974786f6a0 JavaThread "HttpClient-4-Worker-2"      daemon [_thread_blocked, id=21640, stack(0x0000009618b00000,0x0000009618c00000) (1024K)]
  0x000001974786fd30 JavaThread "Thread-7"                          [_thread_in_native, id=27424, stack(0x0000009618f00000,0x0000009619000000) (1024K)]
  0x000001974786c8b0 JavaThread "SIGINT handler"             daemon [_thread_blocked, id=46788, stack(0x0000009615b00000,0x0000009615c00000) (1024K)]
Total: 35

Other Threads:
=>0x000001976de3eb70 VMThread "VM Thread"                           [id=3032, stack(0x0000009615200000,0x0000009615300000) (1024K)]
  0x000001974dca5200 WorkerThread "GC Thread#0"                     [id=17364, stack(0x0000009614c00000,0x0000009614d00000) (1024K)]
  0x0000019746ceb6a0 WorkerThread "GC Thread#1"                     [id=42116, stack(0x0000009616100000,0x0000009616200000) (1024K)]
  0x0000019746ce7f50 WorkerThread "GC Thread#2"                     [id=39652, stack(0x0000009616900000,0x0000009616a00000) (1024K)]
  0x0000019746cea080 WorkerThread "GC Thread#3"                     [id=36368, stack(0x0000009616a00000,0x0000009616b00000) (1024K)]
  0x0000019746cea430 WorkerThread "GC Thread#4"                     [id=20304, stack(0x0000009616b00000,0x0000009616c00000) (1024K)]
  0x0000019746ce86b0 WorkerThread "GC Thread#5"                     [id=41916, stack(0x0000009616c00000,0x0000009616d00000) (1024K)]
  0x0000019746ce8a60 WorkerThread "GC Thread#6"                     [id=23540, stack(0x0000009616f00000,0x0000009617000000) (1024K)]
  0x0000019746ce8e10 WorkerThread "GC Thread#7"                     [id=43144, stack(0x0000009617000000,0x0000009617100000) (1024K)]
  0x0000019746ce8300 WorkerThread "GC Thread#8"                     [id=46276, stack(0x0000009617100000,0x0000009617200000) (1024K)]
  0x0000019746ce91c0 WorkerThread "GC Thread#9"                     [id=46152, stack(0x0000009617200000,0x0000009617300000) (1024K)]
  0x0000019746ceab90 WorkerThread "GC Thread#10"                    [id=46364, stack(0x0000009617300000,0x0000009617400000) (1024K)]
  0x0000019746ceaf40 WorkerThread "GC Thread#11"                    [id=7068, stack(0x0000009617400000,0x0000009617500000) (1024K)]
  0x0000019747309080 WorkerThread "GC Thread#12"                    [id=44532, stack(0x0000009617a00000,0x0000009617b00000) (1024K)]
  0x000001974730b560 WorkerThread "GC Thread#13"                    [id=45636, stack(0x0000009617b00000,0x0000009617c00000) (1024K)]
  0x0000019747308570 WorkerThread "GC Thread#14"                    [id=42800, stack(0x0000009617c00000,0x0000009617d00000) (1024K)]
  0x000001974dcbce10 ConcurrentGCThread "G1 Main Marker"            terminated
  0x000001974dcbe7d0 WorkerThread "G1 Conc#0"                       [id=42208, stack(0x0000009614e00000,0x0000009614f00000) (1024K)]
  0x0000019747309430 WorkerThread "G1 Conc#1"                       [id=43780, stack(0x0000009617d00000,0x0000009617e00000) (1024K)]
  0x00000197473097e0 WorkerThread "G1 Conc#2"                       [id=21020, stack(0x0000009617e00000,0x0000009617f00000) (1024K)]
  0x0000019747307e10 WorkerThread "G1 Conc#3"                       [id=13852, stack(0x0000009617f00000,0x0000009618000000) (1024K)]
  0x000001976dcfde10 ConcurrentGCThread "G1 Refine#0"               terminated
  0x000001976dcfe830 ConcurrentGCThread "G1 Service"                terminated
Total: 23

Threads with active compile tasks:
C2 CompilerThread0  46794 4508       4       sun.invoke.util.VerifyAccess::isSamePackage (37 bytes)
Total: 1

VM state: at safepoint (shutting down)

VM Mutex/Monitor currently owned by a thread:  ([mutex/lock_event])
[0x00007ff8cb3a3910] Threads_lock - owner thread: 0x000001976de3eb70
[0x00007ff8cb3a3a10] Heap_lock - owner thread: 0x000001974786c8b0

Heap address: 0x0000000705e00000, size: 4002 MB, Compressed Oops mode: Zero based, Oop shift amount: 3

CDS archive(s) mapped at: [0x0000019700000000-0x0000019700d70000-0x0000019700d70000), size 14090240, SharedBaseAddress: 0x0000019700000000, ArchiveRelocationMode: 1.
Compressed class space mapped at: 0x0000019701000000-0x0000019741000000, reserved size: 1073741824
Narrow klass base: 0x0000019700000000, Narrow klass shift: 0, Narrow klass range: 0x41000000

GC Precious Log:
 CardTable entry size: 512
 Card Set container configuration: InlinePtr #cards 4 size 8 Array Of Cards #cards 16 size 48 Howl #buckets 8 coarsen threshold 3686 Howl Bitmap #cards 512 size 80 coarsen threshold 460 Card regions per heap region 1 cards per card region 4096
 CPUs: 20 total, 20 available
 Memory: 16003M
 Large Page Support: Disabled
 NUMA Support: Disabled
 Compressed Oops: Enabled (Zero based)
 Heap Region Size: 2M
 Heap Min Capacity: 8M
 Heap Initial Capacity: 252M
 Heap Max Capacity: 4002M
 Pre-touch: Disabled
 Parallel Workers: 15
 Concurrent Workers: 4
 Concurrent Refinement Workers: 15
 Periodic GC: Disabled

Heap:
 garbage-first heap   total reserved 4098048K, committed 61440K, used 46878K [0x0000000705e00000, 0x0000000800000000)
  region size 2048K, 18 young (36864K), 4 survivors (8192K)
 Metaspace       used 25851K, committed 26368K, reserved 1114112K
  class space    used 3699K, committed 3904K, reserved 1048576K

Heap Regions: E=young(eden), S=young(survivor), O=old, HS=humongous(starts), HC=humongous(continues), CS=collection set, F=free, TAMS=top-at-mark-start, PB=parsable bottom
|   0|0x0000000705e00000, 0x0000000706000000, 0x0000000706000000|100%| O|  |TAMS 0x0000000705e00000| PB 0x0000000705e00000| Untracked |  0
|   1|0x0000000706000000, 0x00000007060b1600, 0x0000000706200000| 34%| O|  |TAMS 0x0000000706000000| PB 0x0000000706000000| Untracked |  0
|   2|0x0000000706200000, 0x0000000706400000, 0x0000000706400000|100%|HS|  |TAMS 0x0000000706200000| PB 0x0000000706200000| Complete |  0
|   3|0x0000000706400000, 0x0000000706600000, 0x0000000706600000|100%|HC|  |TAMS 0x0000000706400000| PB 0x0000000706400000| Complete |  0
|   4|0x0000000706600000, 0x0000000706800000, 0x0000000706800000|100%|HS|  |TAMS 0x0000000706600000| PB 0x0000000706600000| Complete |  0
|   5|0x0000000706800000, 0x0000000706a00000, 0x0000000706a00000|100%|HC|  |TAMS 0x0000000706800000| PB 0x0000000706800000| Complete |  0
|   6|0x0000000706a00000, 0x0000000706c00000, 0x0000000706c00000|100%|HS|  |TAMS 0x0000000706a00000| PB 0x0000000706a00000| Complete |  0
|   7|0x0000000706c00000, 0x0000000706c00000, 0x0000000706e00000|  0%| F|  |TAMS 0x0000000706c00000| PB 0x0000000706c00000| Untracked |  0
|   8|0x0000000706e00000, 0x0000000706e00000, 0x0000000707000000|  0%| F|  |TAMS 0x0000000706e00000| PB 0x0000000706e00000| Untracked |  0
|   9|0x0000000707000000, 0x0000000707000000, 0x0000000707200000|  0%| F|  |TAMS 0x0000000707000000| PB 0x0000000707000000| Untracked |  0
|  10|0x0000000707200000, 0x0000000707200000, 0x0000000707400000|  0%| F|  |TAMS 0x0000000707200000| PB 0x0000000707200000| Untracked |  0
|  11|0x0000000707400000, 0x0000000707400000, 0x0000000707600000|  0%| F|  |TAMS 0x0000000707400000| PB 0x0000000707400000| Untracked |  0
|  12|0x0000000707600000, 0x00000007076418e0, 0x0000000707800000| 12%| E|  |TAMS 0x0000000707600000| PB 0x0000000707600000| Complete |  0
|  13|0x0000000707800000, 0x0000000707a00000, 0x0000000707a00000|100%| E|CS|TAMS 0x0000000707800000| PB 0x0000000707800000| Complete |  0
|  14|0x0000000707a00000, 0x0000000707c00000, 0x0000000707c00000|100%| E|CS|TAMS 0x0000000707a00000| PB 0x0000000707a00000| Complete |  0
|  15|0x0000000707c00000, 0x0000000707e00000, 0x0000000707e00000|100%| E|CS|TAMS 0x0000000707c00000| PB 0x0000000707c00000| Complete |  0
|  16|0x0000000707e00000, 0x0000000708000000, 0x0000000708000000|100%| E|CS|TAMS 0x0000000707e00000| PB 0x0000000707e00000| Complete |  0
|  17|0x0000000708000000, 0x0000000708200000, 0x0000000708200000|100%| E|CS|TAMS 0x0000000708000000| PB 0x0000000708000000| Complete |  0
|  18|0x0000000708200000, 0x0000000708400000, 0x0000000708400000|100%| E|CS|TAMS 0x0000000708200000| PB 0x0000000708200000| Complete |  0
|  19|0x0000000708400000, 0x0000000708600000, 0x0000000708600000|100%| E|CS|TAMS 0x0000000708400000| PB 0x0000000708400000| Complete |  0
|  20|0x0000000708600000, 0x0000000708800000, 0x0000000708800000|100%| E|CS|TAMS 0x0000000708600000| PB 0x0000000708600000| Complete |  0
|  21|0x0000000708800000, 0x0000000708a00000, 0x0000000708a00000|100%| E|CS|TAMS 0x0000000708800000| PB 0x0000000708800000| Complete |  0
|  22|0x0000000708a00000, 0x0000000708c00000, 0x0000000708c00000|100%| E|CS|TAMS 0x0000000708a00000| PB 0x0000000708a00000| Complete |  0
|  23|0x0000000708c00000, 0x0000000708e00000, 0x0000000708e00000|100%| E|CS|TAMS 0x0000000708c00000| PB 0x0000000708c00000| Complete |  0
|  24|0x0000000708e00000, 0x0000000709000000, 0x0000000709000000|100%| E|CS|TAMS 0x0000000708e00000| PB 0x0000000708e00000| Complete |  0
| 101|0x0000000712800000, 0x00000007129162b0, 0x0000000712a00000| 54%| S|CS|TAMS 0x0000000712800000| PB 0x0000000712800000| Complete |  0
| 102|0x0000000712a00000, 0x0000000712c00000, 0x0000000712c00000|100%| S|CS|TAMS 0x0000000712a00000| PB 0x0000000712a00000| Complete |  0
| 103|0x0000000712c00000, 0x0000000712e00000, 0x0000000712e00000|100%| S|CS|TAMS 0x0000000712c00000| PB 0x0000000712c00000| Complete |  0
| 104|0x0000000712e00000, 0x0000000713000000, 0x0000000713000000|100%| S|CS|TAMS 0x0000000712e00000| PB 0x0000000712e00000| Complete |  0
| 125|0x0000000715800000, 0x0000000715a00000, 0x0000000715a00000|100%| E|CS|TAMS 0x0000000715800000| PB 0x0000000715800000| Complete |  0

Card table byte_map: [0x0000019766710000,0x0000019766ef0000] _byte_map_base: 0x0000019762ee1000

Marking Bits: (CMBitMap*) 0x000001974dca5910
 Bits: [0x0000019766ef0000, 0x000001976ad78000)

Polling page: 0x000001974b6d0000

Metaspace:

Usage:
  Non-class:     21.63 MB used.
      Class:      3.61 MB used.
       Both:     25.25 MB used.

Virtual space:
  Non-class space:       64.00 MB reserved,      21.94 MB ( 34%) committed,  1 nodes.
      Class space:        1.00 GB reserved,       3.81 MB ( <1%) committed,  1 nodes.
             Both:        1.06 GB reserved,      25.75 MB (  2%) committed. 

Chunk freelists:
   Non-Class:  9.80 MB
       Class:  12.14 MB
        Both:  21.94 MB

MaxMetaspaceSize: unlimited
CompressedClassSpaceSize: 1.00 GB
Initial GC threshold: 21.00 MB
Current GC threshold: 35.25 MB
CDS: on
 - commit_granule_bytes: 65536.
 - commit_granule_words: 8192.
 - virtual_space_node_default_size: 8388608.
 - enlarge_chunks_in_place: 1.
 - use_allocation_guard: 0.


Internal statistics:

num_allocs_failed_limit: 3.
num_arena_births: 576.
num_arena_deaths: 0.
num_vsnodes_births: 2.
num_vsnodes_deaths: 0.
num_space_committed: 412.
num_space_uncommitted: 0.
num_chunks_returned_to_freelist: 3.
num_chunks_taken_from_freelist: 1321.
num_chunk_merges: 3.
num_chunk_splits: 873.
num_chunks_enlarged: 619.
num_inconsistent_stats: 0.

CodeHeap 'non-profiled nmethods': size=119232Kb used=1563Kb max_used=1563Kb free=117668Kb
 bounds [0x000001975df00000, 0x000001975e170000, 0x0000019765370000]
CodeHeap 'profiled nmethods': size=119104Kb used=6885Kb max_used=6885Kb free=112219Kb
 bounds [0x0000019756370000, 0x0000019756a30000, 0x000001975d7c0000]
CodeHeap 'non-nmethods': size=7424Kb used=1891Kb max_used=3608Kb free=5532Kb
 bounds [0x000001975d7c0000, 0x000001975db50000, 0x000001975df00000]
CodeCache: size=245760Kb, used=10339Kb, max_used=12056Kb, free=235419Kb
 total_blobs=5414, nmethods=4506, adapters=811, full_count=0
Compilation: enabled, stopped_count=0, restarted_count=0

Compilation events (20 events):
Event: 8.498 Thread 0x0000019745030090 nmethod 4498 0x0000019756a1a408 code [0x0000019756a1a8e0, 0x0000019756a1cb90]
Event: 8.500 Thread 0x0000019745096770 nmethod 4488 0x0000019756a1cc88 code [0x0000019756a1d4a0, 0x0000019756a22d20]
Event: 8.502 Thread 0x00000197452db2b0 4502 %     3       ru.mono.pong.controllers.GameController::initialize @ 160 (198 bytes)
Event: 8.504 Thread 0x00000197452db2b0 nmethod 4502% 0x0000019756a22e08 code [0x0000019756a23580, 0x0000019756a29110]
Event: 8.510 Thread 0x000001976de77030 nmethod 4484 0x000001975e082e08 code [0x000001975e0830c0, 0x000001975e084a60]
Event: 8.510 Thread 0x000001976de77030 4499       4       com.sun.org.apache.xerces.internal.util.XMLChar::isContent (35 bytes)
Event: 8.510 Thread 0x000001976de77030 nmethod 4499 0x000001975e084b88 code [0x000001975e084c80, 0x000001975e084d38]
Event: 8.510 Thread 0x000001976de77030 4500       4       java.util.Arrays$ArrayList::size (6 bytes)
Event: 8.510 Thread 0x000001976de77030 nmethod 4500 0x000001975e084e88 code [0x000001975e084f80, 0x000001975e085010]
Event: 8.510 Thread 0x000001976de77030 4503 %     4       ru.mono.pong.controllers.GameController::initialize @ 160 (198 bytes)
Event: 8.512 Thread 0x000001976de77030 nmethod 4503% 0x000001975e085188 code [0x000001975e0852a0, 0x000001975e085498]
Event: 8.512 Thread 0x000001976de77030 4504       4       ru.mono.pong.controllers.GameController::initialize (198 bytes)
Event: 8.520 Thread 0x000001976de77030 nmethod 4504 0x000001975e085508 code [0x000001975e0857a0, 0x000001975e086250]
Event: 41.881 Thread 0x0000019745030090 4505       1       jdk.internal.net.http.ConnectionPool$ExpiryList::purgeMaybeRequired (5 bytes)
Event: 41.881 Thread 0x0000019745030090 nmethod 4505 0x000001975e086408 code [0x000001975e086520, 0x000001975e0865f0]
Event: 43.887 Thread 0x000001976de77030 4506       4       java.lang.ref.Reference::refersTo (6 bytes)
Event: 43.888 Thread 0x000001976de77030 nmethod 4506 0x000001975e086708 code [0x000001975e086800, 0x000001975e0868a0]
Event: 45.874 Thread 0x0000019745030090 4507       1       java.util.logging.Logger::getName (5 bytes)
Event: 45.874 Thread 0x0000019745030090 nmethod 4507 0x000001975e086a08 code [0x000001975e086b20, 0x000001975e086bf0]
Event: 45.874 Thread 0x000001976de77030 4508       4       sun.invoke.util.VerifyAccess::isSamePackage (37 bytes)

GC Heap History (6 events):
Event: 0.686 GC heap before
{Heap before GC invocations=0 (full 0):
 garbage-first heap   total reserved 4098048K, committed 258048K, used 22528K [0x0000000705e00000, 0x0000000800000000)
  region size 2048K, 12 young (24576K), 0 survivors (0K)
 Metaspace       used 4801K, committed 5056K, reserved 1114112K
  class space    used 540K, committed 640K, reserved 1048576K
}
Event: 0.689 GC heap after
{Heap after GC invocations=1 (full 0):
 garbage-first heap   total reserved 4098048K, committed 258048K, used 2919K [0x0000000705e00000, 0x0000000800000000)
  region size 2048K, 2 young (4096K), 2 survivors (4096K)
 Metaspace       used 4801K, committed 5056K, reserved 1114112K
  class space    used 540K, committed 640K, reserved 1048576K
}
Event: 0.962 GC heap before
{Heap before GC invocations=1 (full 0):
 garbage-first heap   total reserved 4098048K, committed 258048K, used 27495K [0x0000000705e00000, 0x0000000800000000)
  region size 2048K, 14 young (28672K), 2 survivors (4096K)
 Metaspace       used 11057K, committed 11328K, reserved 1114112K
  class space    used 1476K, committed 1600K, reserved 1048576K
}
Event: 0.968 GC heap after
{Heap after GC invocations=2 (full 0):
 garbage-first heap   total reserved 4098048K, committed 258048K, used 6337K [0x0000000705e00000, 0x0000000800000000)
  region size 2048K, 2 young (4096K), 2 survivors (4096K)
 Metaspace       used 11057K, committed 11328K, reserved 1114112K
  class space    used 1476K, committed 1600K, reserved 1048576K
}
Event: 2.267 GC heap before
{Heap before GC invocations=2 (full 0):
 garbage-first heap   total reserved 4098048K, committed 258048K, used 51393K [0x0000000705e00000, 0x0000000800000000)
  region size 2048K, 21 young (43008K), 2 survivors (4096K)
 Metaspace       used 21055K, committed 21504K, reserved 1114112K
  class space    used 3054K, committed 3264K, reserved 1048576K
}
Event: 2.272 GC heap after
{Heap after GC invocations=3 (full 0):
 garbage-first heap   total reserved 4098048K, committed 258048K, used 16158K [0x0000000705e00000, 0x0000000800000000)
  region size 2048K, 4 young (8192K), 4 survivors (8192K)
 Metaspace       used 21055K, committed 21504K, reserved 1114112K
  class space    used 3054K, committed 3264K, reserved 1048576K
}

Dll operation events (20 events):
Event: 0.373 Loaded shared library C:\Users\levch\.openjfx\cache\22-ea+11\amd64\api-ms-win-crt-multibyte-l1-1-0.dll
Event: 0.375 Loaded shared library C:\Users\levch\.openjfx\cache\22-ea+11\amd64\api-ms-win-crt-private-l1-1-0.dll
Event: 0.377 Loaded shared library C:\Users\levch\.openjfx\cache\22-ea+11\amd64\api-ms-win-crt-process-l1-1-0.dll
Event: 0.379 Loaded shared library C:\Users\levch\.openjfx\cache\22-ea+11\amd64\api-ms-win-crt-runtime-l1-1-0.dll
Event: 0.380 Loaded shared library C:\Users\levch\.openjfx\cache\22-ea+11\amd64\api-ms-win-crt-stdio-l1-1-0.dll
Event: 0.382 Loaded shared library C:\Users\levch\.openjfx\cache\22-ea+11\amd64\api-ms-win-crt-string-l1-1-0.dll
Event: 0.384 Loaded shared library C:\Users\levch\.openjfx\cache\22-ea+11\amd64\api-ms-win-crt-time-l1-1-0.dll
Event: 0.386 Loaded shared library C:\Users\levch\.openjfx\cache\22-ea+11\amd64\api-ms-win-crt-utility-l1-1-0.dll
Event: 0.398 Loaded shared library C:\Users\levch\.openjfx\cache\22-ea+11\amd64\ucrtbase.dll
Event: 0.401 Loaded shared library C:\Users\levch\.openjfx\cache\22-ea+11\amd64\vcruntime140.dll
Event: 0.404 Loaded shared library C:\Users\levch\.openjfx\cache\22-ea+11\amd64\vcruntime140_1.dll
Event: 0.410 Loaded shared library C:\Users\levch\.openjfx\cache\22-ea+11\amd64\msvcp140.dll
Event: 0.412 Loaded shared library C:\Users\levch\.openjfx\cache\22-ea+11\amd64\msvcp140_1.dll
Event: 0.415 Loaded shared library C:\Users\levch\.openjfx\cache\22-ea+11\amd64\msvcp140_2.dll
Event: 0.442 Loaded shared library C:\Users\levch\.openjfx\cache\22-ea+11\amd64\prism_d3d.dll
Event: 0.540 Loaded shared library C:\Users\levch\.openjfx\cache\22-ea+11\amd64\glass.dll
Event: 0.715 Loaded shared library C:\Users\levch\.jdks\openjdk-23.0.1\bin\jimage.dll
Event: 0.908 Loaded shared library C:\Users\levch\.openjfx\cache\22-ea+11\amd64\javafx_font.dll
Event: 2.247 Loaded shared library C:\Users\levch\.jdks\openjdk-23.0.1\bin\sunmscapi.dll
Event: 8.478 Loaded shared library C:\Users\levch\.openjfx\cache\22-ea+11\amd64\javafx_iio.dll

Deoptimization events (20 events):
Event: 7.243 Thread 0x00000197451d7670 DEOPT PACKING pc=0x000001975e0727f4 sp=0x00000096163fc070
Event: 7.243 Thread 0x00000197451d7670 DEOPT UNPACKING pc=0x000001975d814402 sp=0x00000096163fc048 mode 2
Event: 7.243 Thread 0x00000197451d7670 Uncommon trap: trap_request=0xffffffd6 fr.pc=0x000001975e0727f4 relative=0x0000000000000d34
Event: 7.243 Thread 0x00000197451d7670 Uncommon trap: reason=array_check action=maybe_recompile pc=0x000001975e0727f4 method=javafx.css.SimpleSelector.applies(Ljavafx/css/Styleable;[Ljava/util/Set;I)Z @ 37 c2
Event: 7.243 Thread 0x00000197451d7670 DEOPT PACKING pc=0x000001975e0727f4 sp=0x00000096163fc070
Event: 7.243 Thread 0x00000197451d7670 DEOPT UNPACKING pc=0x000001975d814402 sp=0x00000096163fc048 mode 2
Event: 7.243 Thread 0x00000197451d7670 Uncommon trap: trap_request=0xffffffd6 fr.pc=0x000001975e0727f4 relative=0x0000000000000d34
Event: 7.243 Thread 0x00000197451d7670 Uncommon trap: reason=array_check action=maybe_recompile pc=0x000001975e0727f4 method=javafx.css.SimpleSelector.applies(Ljavafx/css/Styleable;[Ljava/util/Set;I)Z @ 37 c2
Event: 7.243 Thread 0x00000197451d7670 DEOPT PACKING pc=0x000001975e0727f4 sp=0x00000096163fc070
Event: 7.243 Thread 0x00000197451d7670 DEOPT UNPACKING pc=0x000001975d814402 sp=0x00000096163fc048 mode 2
Event: 8.385 Thread 0x00000197451d7670 Uncommon trap: trap_request=0xffffffde fr.pc=0x000001975e038918 relative=0x00000000000005b8
Event: 8.385 Thread 0x00000197451d7670 Uncommon trap: reason=class_check action=maybe_recompile pc=0x000001975e038918 method=java.lang.String.<init>(Ljava/lang/AbstractStringBuilder;Ljava/lang/Void;)V @ 10 c2
Event: 8.385 Thread 0x00000197451d7670 DEOPT PACKING pc=0x000001975e038918 sp=0x00000096163fbc30
Event: 8.386 Thread 0x00000197451d7670 DEOPT UNPACKING pc=0x000001975d814402 sp=0x00000096163fbc00 mode 2
Event: 8.444 Thread 0x00000197451d7670 Uncommon trap: trap_request=0xffffff45 fr.pc=0x000001975df66ef0 relative=0x0000000000000130
Event: 8.444 Thread 0x00000197451d7670 Uncommon trap: reason=unstable_if action=reinterpret pc=0x000001975df66ef0 method=java.util.concurrent.locks.ReentrantLock$Sync.tryRelease(I)Z @ 26 c2
Event: 8.444 Thread 0x00000197451d7670 DEOPT PACKING pc=0x000001975df66ef0 sp=0x00000096163fba30
Event: 8.444 Thread 0x00000197451d7670 DEOPT UNPACKING pc=0x000001975d814402 sp=0x00000096163fb8b0 mode 2
Event: 8.512 Thread 0x00000197451d7670 DEOPT PACKING pc=0x0000019756a28da1 sp=0x00000096163fb490
Event: 8.512 Thread 0x00000197451d7670 DEOPT UNPACKING pc=0x000001975d814b22 sp=0x00000096163fab08 mode 0

Classes loaded (20 events):
Event: 8.498 Loading class java/nio/channels/DatagramChannel done
Event: 8.498 Loading class sun/nio/ch/DatagramChannelImpl done
Event: 8.498 Loading class sun/nio/ch/DatagramDispatcher
Event: 8.498 Loading class sun/nio/ch/DatagramDispatcher done
Event: 8.498 Loading class sun/net/ResourceManager
Event: 8.498 Loading class sun/net/ResourceManager done
Event: 8.498 Loading class sun/nio/ch/NativeSocketAddress
Event: 8.499 Loading class sun/nio/ch/NativeSocketAddress done
Event: 8.499 Loading class sun/nio/ch/DatagramSocketAdaptor
Event: 8.499 Loading class sun/nio/ch/DatagramSocketAdaptor done
Event: 8.499 Loading class sun/nio/ch/DatagramSocketAdaptor$DatagramSockets
Event: 8.499 Loading class sun/nio/ch/DatagramSocketAdaptor$DatagramSockets done
Event: 8.500 Loading class sun/nio/ch/DatagramChannelImpl$DefaultOptionsHolder
Event: 8.500 Loading class sun/nio/ch/DatagramChannelImpl$DefaultOptionsHolder done
Event: 8.502 Loading class java/net/DatagramPacket
Event: 8.502 Loading class java/net/DatagramPacket done
Event: 8.502 Loading class sun/nio/ch/DatagramChannelImpl$DatagramPackets
Event: 8.502 Loading class sun/nio/ch/DatagramChannelImpl$DatagramPackets done
Event: 45.871 Loading class jdk/internal/misc/Signal$1
Event: 45.872 Loading class jdk/internal/misc/Signal$1 done

Classes unloaded (0 events):
No events

Classes redefined (0 events):
No events

Internal exceptions (20 events):
Event: 2.098 Thread 0x0000019746a85560 Exception <a 'java/lang/NoSuchMethodError'{0x0000000713963e08}: 'long java.lang.invoke.DirectMethodHandle$Holder.invokeSpecial(java.lang.Object, java.lang.Object)'> (0x0000000713963e08) 
thrown [s\open\src\hotspot\share\interpreter\linkResolver.cpp, line 796]
Event: 2.099 Thread 0x0000019746a85560 Exception <a 'java/lang/NoSuchMethodError'{0x0000000713969d40}: 'int java.lang.invoke.DirectMethodHandle$Holder.invokeStatic(java.lang.Object, java.lang.Object, java.lang.Object, java.lang.Object)'> (0x0000000713969d40) 
thrown [s\open\src\hotspot\share\interpreter\linkResolver.cpp, line 796]
Event: 2.127 Thread 0x0000019746a85560 Exception <a 'sun/nio/fs/WindowsException'{0x0000000713647208}> (0x0000000713647208) 
thrown [s\open\src\hotspot\share\prims\jni.cpp, line 520]
Event: 2.133 Thread 0x0000019746a85560 Exception <a 'sun/nio/fs/WindowsException'{0x000000071365f2b0}> (0x000000071365f2b0) 
thrown [s\open\src\hotspot\share\prims\jni.cpp, line 520]
Event: 2.210 Thread 0x0000019746a85560 Exception <a 'java/lang/NoSuchMethodError'{0x000000071309e780}: 'java.lang.Object java.lang.invoke.DirectMethodHandle$Holder.invokeStaticInit(java.lang.Object, int, int, int, int)'> (0x000000071309e780) 
thrown [s\open\src\hotspot\share\interpreter\linkResolver.cpp, line 796]
Event: 2.226 Thread 0x0000019746a85560 Exception <a 'java/lang/NoSuchMethodError'{0x000000071312cf58}: 'java.lang.Object java.lang.invoke.DirectMethodHandle$Holder.invokeStaticInit(java.lang.Object, java.lang.Object, int, int, int, int)'> (0x000000071312cf58) 
thrown [s\open\src\hotspot\share\interpreter\linkResolver.cpp, line 796]
Event: 2.260 Thread 0x0000019746a85560 Exception <a 'sun/nio/fs/WindowsException'{0x00000007131b4c68}> (0x00000007131b4c68) 
thrown [s\open\src\hotspot\share\prims\jni.cpp, line 520]
Event: 2.292 Thread 0x0000019746a85560 Exception <a 'java/lang/NoSuchMethodError'{0x0000000708e354f8}: 'java.lang.Object java.lang.invoke.DirectMethodHandle$Holder.invokeSpecial(java.lang.Object, java.lang.Object, java.lang.Object, java.lang.Object, int)'> (0x0000000708e354f8) 
thrown [s\open\src\hotspot\share\interpreter\linkResolver.cpp, line 796]
Event: 2.292 Thread 0x0000019746a85560 Exception <a 'java/lang/NoSuchMethodError'{0x0000000708e38998}: 'java.lang.Object java.lang.invoke.Invokers$Holder.linkToTargetMethod(java.lang.Object, java.lang.Object, int, java.lang.Object)'> (0x0000000708e38998) 
thrown [s\open\src\hotspot\share\interpreter\linkResolver.cpp, line 796]
Event: 2.315 Thread 0x0000019746a89d90 Exception <a 'java/lang/NoSuchMethodError'{0x00000007158d2638}: 'int java.lang.invoke.DirectMethodHandle$Holder.invokeStatic(java.lang.Object, int, java.lang.Object)'> (0x00000007158d2638) 
thrown [s\open\src\hotspot\share\interpreter\linkResolver.cpp, line 796]
Event: 2.315 Thread 0x0000019746a89d90 Exception <a 'java/lang/NoSuchMethodError'{0x00000007158da478}: 'void java.lang.invoke.DirectMethodHandle$Holder.invokeStatic(java.lang.Object, java.lang.Object, int)'> (0x00000007158da478) 
thrown [s\open\src\hotspot\share\interpreter\linkResolver.cpp, line 796]
Event: 2.331 Thread 0x0000019746a8aab0 Exception <a 'java/lang/NoSuchMethodError'{0x0000000708f93de0}: 'java.lang.Object java.lang.invoke.DirectMethodHandle$Holder.newInvokeSpecial(java.lang.Object, java.lang.Object, long, java.lang.Object, java.lang.Object, java.lang.Object)'> (0x0000000708f93de0) 
thrown [s\open\src\hotspot\share\interpreter\linkResolver.cpp, line 796]
Event: 2.333 Thread 0x0000019746a8aab0 Exception <a 'java/lang/NoSuchMethodError'{0x0000000708faabd0}: 'void java.lang.invoke.DirectMethodHandle$Holder.invokeSpecial(java.lang.Object, java.lang.Object, java.lang.Object, java.lang.Object, java.lang.Object, java.lang.Object, java.lang.Object)'> (0x0000000708faabd0) 
thrown [s\open\src\hotspot\share\interpreter\linkResolver.cpp, line 796]
Event: 5.220 Thread 0x0000019746a89700 Exception <a 'java/lang/NoSuchMethodError'{0x00000007087e8008}: 'int java.lang.invoke.Invokers$Holder.invokeExact_MT(java.lang.Object, java.lang.Object, java.lang.Object)'> (0x00000007087e8008) 
thrown [s\open\src\hotspot\share\interpreter\linkResolver.cpp, line 796]
Event: 5.324 Thread 0x0000019746a89700 Exception <a 'java/lang/NoSuchMethodError'{0x00000007084939a8}: 'void java.lang.invoke.Invokers$Holder.invokeExact_MT(java.lang.Object, java.lang.Object, int, java.lang.Object)'> (0x00000007084939a8) 
thrown [s\open\src\hotspot\share\interpreter\linkResolver.cpp, line 796]
Event: 5.338 Thread 0x00000197451d7670 Exception <a 'java/lang/NoSuchMethodError'{0x00000007084ad3a8}: 'java.lang.Object java.lang.invoke.DirectMethodHandle$Holder.newInvokeSpecial(java.lang.Object, double)'> (0x00000007084ad3a8) 
thrown [s\open\src\hotspot\share\interpreter\linkResolver.cpp, line 796]
Event: 6.132 Thread 0x00000197451d7670 Exception <a 'java/lang/NoSuchMethodError'{0x00000007082a6ad8}: 'java.lang.Object java.lang.invoke.DelegatingMethodHandle$Holder.reinvoke_L(java.lang.Object, double, double, double, double)'> (0x00000007082a6ad8) 
thrown [s\open\src\hotspot\share\interpreter\linkResolver.cpp, line 796]
Event: 6.133 Thread 0x00000197451d7670 Exception <a 'java/lang/NoSuchMethodError'{0x00000007082aebd0}: 'void java.lang.invoke.DirectMethodHandle$Holder.invokeStatic(java.lang.Object, java.lang.Object, int, java.lang.Object)'> (0x00000007082aebd0) 
thrown [s\open\src\hotspot\share\interpreter\linkResolver.cpp, line 796]
Event: 6.133 Thread 0x00000197451d7670 Exception <a 'java/lang/NoSuchMethodError'{0x00000007082b5940}: 'void java.lang.invoke.DelegatingMethodHandle$Holder.delegate(java.lang.Object, java.lang.Object, int, java.lang.Object)'> (0x00000007082b5940) 
thrown [s\open\src\hotspot\share\interpreter\linkResolver.cpp, line 796]
Event: 8.475 Thread 0x00000197451d7670 Exception <a 'java/io/FileNotFoundException'{0x0000000707ac2498}> (0x0000000707ac2498) 
thrown [s\open\src\hotspot\share\prims\jni.cpp, line 520]

VM Operations (20 events):
Event: 2.150 Executing VM operation: HandshakeAllThreads (Deoptimize) done
Event: 2.165 Executing VM operation: HandshakeAllThreads (Deoptimize)
Event: 2.165 Executing VM operation: HandshakeAllThreads (Deoptimize) done
Event: 2.267 Executing VM operation: CollectForMetadataAllocation (Metadata GC Threshold)
Event: 2.272 Executing VM operation: CollectForMetadataAllocation (Metadata GC Threshold) done
Event: 2.276 Executing VM operation: G1PauseRemark
Event: 2.278 Executing VM operation: G1PauseRemark done
Event: 2.279 Executing VM operation: G1PauseCleanup
Event: 2.279 Executing VM operation: G1PauseCleanup done
Event: 2.325 Executing VM operation: HandshakeAllThreads (Deoptimize)
Event: 2.325 Executing VM operation: HandshakeAllThreads (Deoptimize) done
Event: 2.327 Executing VM operation: HandshakeAllThreads (Deoptimize)
Event: 2.327 Executing VM operation: HandshakeAllThreads (Deoptimize) done
Event: 5.213 Executing VM operation: HandshakeAllThreads (Deoptimize)
Event: 5.213 Executing VM operation: HandshakeAllThreads (Deoptimize) done
Event: 6.131 Executing VM operation: HandshakeAllThreads (Deoptimize)
Event: 6.131 Executing VM operation: HandshakeAllThreads (Deoptimize) done
Event: 6.133 Executing VM operation: HandshakeAllThreads (Deoptimize)
Event: 6.133 Executing VM operation: HandshakeAllThreads (Deoptimize) done
Event: 45.875 Executing VM operation: Exit

Memory protections (0 events):
No events

Nmethod flushes (0 events):
No events

Events (20 events):
Event: 6.479 Thread 0x0000019745ea8f00 Thread exited: 0x0000019745ea8f00
Event: 6.486 Thread 0x00000197455da4d0 Thread exited: 0x00000197455da4d0
Event: 6.487 Thread 0x0000019745d71930 Thread exited: 0x0000019745d71930
Event: 8.382 Thread 0x00000197451d7670 Thread added: 0x000001974786e980
Event: 8.383 Thread 0x000001974786e980 Thread exited: 0x000001974786e980
Event: 8.385 Thread 0x00000197451d7670 Thread added: 0x000001974786e980
Event: 8.389 Thread 0x000001974786e980 Thread added: 0x000001974786b500
Event: 8.389 Thread 0x000001974786e980 Thread added: 0x000001974786f010
Event: 8.389 Thread 0x000001974786e980 Thread added: 0x000001974786f6a0
Event: 8.501 Thread 0x00000197451d7670 Thread added: 0x000001974786fd30
Event: 13.512 Thread 0x00000197452b7990 Thread exited: 0x00000197452b7990
Event: 13.512 Thread 0x00000197452db2b0 Thread exited: 0x00000197452db2b0
Event: 18.513 Thread 0x0000019745096770 Thread exited: 0x0000019745096770
Event: 45.872 Thread 0x000001976de671c0 Thread added: 0x000001974786c8b0
Event: 45.873 Thread 0x000001974786c8b0 Thread added: 0x00000197478703c0
Event: 45.873 Thread 0x000001974786c8b0 Thread added: 0x0000019747872490
Event: 45.874 Thread 0x0000019747872490 Thread exited: 0x0000019747872490
Event: 45.875 Thread 0x00000197478703c0 Thread exited: 0x00000197478703c0
Event: 45.875 Thread 0x000001974786c8b0 Before exit entered
Event: 45.875 Thread 0x000001976de671c0 Thread exited: 0x000001976de671c0


Dynamic libraries:
0x00007ff7d5110000 - 0x00007ff7d511e000 	C:\Users\levch\.jdks\openjdk-23.0.1\bin\java.exe
0x00007ff994340000 - 0x00007ff9945a3000 	C:\WINDOWS\SYSTEM32\ntdll.dll
0x00007ff992c70000 - 0x00007ff992d38000 	C:\WINDOWS\System32\KERNEL32.DLL
0x00007ff991de0000 - 0x00007ff992192000 	C:\WINDOWS\System32\KERNELBASE.dll
0x00007ff991c90000 - 0x00007ff991ddb000 	C:\WINDOWS\System32\ucrtbase.dll
0x00007ff98cbb0000 - 0x00007ff98cbcb000 	C:\Users\levch\.jdks\openjdk-23.0.1\bin\VCRUNTIME140.dll
0x00007ff98cbf0000 - 0x00007ff98cc07000 	C:\Users\levch\.jdks\openjdk-23.0.1\bin\jli.dll
0x00007ff994030000 - 0x00007ff9941f8000 	C:\WINDOWS\System32\USER32.dll
0x00007ff991a20000 - 0x00007ff991a47000 	C:\WINDOWS\System32\win32u.dll
0x00007ff973b20000 - 0x00007ff973db0000 	C:\WINDOWS\WinSxS\amd64_microsoft.windows.common-controls_6595b64144ccf1df_6.0.26100.2454_none_3e0b68a2e331ad60\COMCTL32.dll
0x00007ff992c40000 - 0x00007ff992c6a000 	C:\WINDOWS\System32\GDI32.dll
0x00007ff992960000 - 0x00007ff992a09000 	C:\WINDOWS\System32\msvcrt.dll
0x00007ff991710000 - 0x00007ff99183b000 	C:\WINDOWS\System32\gdi32full.dll
0x00007ff9918d0000 - 0x00007ff991973000 	C:\WINDOWS\System32\msvcp_win.dll
0x00007ff993220000 - 0x00007ff99324f000 	C:\WINDOWS\System32\IMM32.DLL
0x00007ff98d2c0000 - 0x00007ff98d2cc000 	C:\Users\levch\.jdks\openjdk-23.0.1\bin\vcruntime140_1.dll
0x00007ff97f830000 - 0x00007ff97f8be000 	C:\Users\levch\.jdks\openjdk-23.0.1\bin\msvcp140.dll
0x00007ff8ca730000 - 0x00007ff8cb47f000 	C:\Users\levch\.jdks\openjdk-23.0.1\bin\server\jvm.dll
0x00007ff993b30000 - 0x00007ff993be4000 	C:\WINDOWS\System32\ADVAPI32.dll
0x00007ff993f80000 - 0x00007ff994026000 	C:\WINDOWS\System32\sechost.dll
0x00007ff993ca0000 - 0x00007ff993db6000 	C:\WINDOWS\System32\RPCRT4.dll
0x00007ff992a10000 - 0x00007ff992a84000 	C:\WINDOWS\System32\WS2_32.dll
0x00007ff990380000 - 0x00007ff9903ce000 	C:\WINDOWS\SYSTEM32\POWRPROF.dll
0x00007ff9853c0000 - 0x00007ff9853f6000 	C:\WINDOWS\SYSTEM32\WINMM.dll
0x00007ff9893b0000 - 0x00007ff9893bb000 	C:\WINDOWS\SYSTEM32\VERSION.dll
0x00007ff990360000 - 0x00007ff990374000 	C:\WINDOWS\SYSTEM32\UMPDC.dll
0x00007ff990620000 - 0x00007ff99063a000 	C:\WINDOWS\SYSTEM32\kernel.appcore.dll
0x00007ff98d120000 - 0x00007ff98d12a000 	C:\Users\levch\.jdks\openjdk-23.0.1\bin\jimage.dll
0x00007ff98efc0000 - 0x00007ff98f201000 	C:\WINDOWS\SYSTEM32\DBGHELP.DLL
0x00007ff993260000 - 0x00007ff9935de000 	C:\WINDOWS\System32\combase.dll
0x00007ff993a50000 - 0x00007ff993b26000 	C:\WINDOWS\System32\OLEAUT32.dll
0x00007ff96b9a0000 - 0x00007ff96b9d9000 	C:\WINDOWS\SYSTEM32\dbgcore.DLL
0x00007ff991980000 - 0x00007ff991a19000 	C:\WINDOWS\System32\bcryptPrimitives.dll
0x00007ff97f760000 - 0x00007ff97f76f000 	C:\Users\levch\.jdks\openjdk-23.0.1\bin\instrument.dll
0x00007ff98afe0000 - 0x00007ff98affe000 	C:\Users\levch\.jdks\openjdk-23.0.1\bin\java.dll
0x00007ff9935f0000 - 0x00007ff993789000 	C:\WINDOWS\System32\ole32.dll
0x00007ff992230000 - 0x00007ff992931000 	C:\WINDOWS\System32\SHELL32.dll
0x00007ff98f400000 - 0x00007ff98fc31000 	C:\WINDOWS\SYSTEM32\windows.storage.dll
0x00007ff993790000 - 0x00007ff99386a000 	C:\WINDOWS\System32\SHCORE.dll
0x00007ff993dc0000 - 0x00007ff993e1d000 	C:\WINDOWS\System32\shlwapi.dll
0x00007ff991620000 - 0x00007ff99164e000 	C:\WINDOWS\SYSTEM32\profapi.dll
0x00007ff97a920000 - 0x00007ff97a9f7000 	C:\Users\levch\.jdks\openjdk-23.0.1\bin\jsvml.dll
0x00007ff980c60000 - 0x00007ff980c70000 	C:\Users\levch\.jdks\openjdk-23.0.1\bin\net.dll
0x00007ff990b00000 - 0x00007ff990b68000 	C:\WINDOWS\system32\mswsock.dll
0x00007ff980c40000 - 0x00007ff980c56000 	C:\Users\levch\.jdks\openjdk-23.0.1\bin\nio.dll
0x00007ff980360000 - 0x00007ff980377000 	C:\Users\levch\.jdks\openjdk-23.0.1\bin\zip.dll
0x00007ff97f540000 - 0x00007ff97f55a000 	C:\Program Files\JetBrains\IntelliJ IDEA Community Edition 2024.2.1\bin\breakgen64.dll
0x0000019747cc0000 - 0x0000019747cc3000 	C:\Users\levch\.openjfx\cache\22-ea+11\amd64\api-ms-win-core-console-l1-1-0.dll
0x0000019747cd0000 - 0x0000019747cd3000 	C:\Users\levch\.openjfx\cache\22-ea+11\amd64\api-ms-win-core-console-l1-2-0.dll
0x0000019747ce0000 - 0x0000019747ce3000 	C:\Users\levch\.openjfx\cache\22-ea+11\amd64\api-ms-win-core-datetime-l1-1-0.dll
0x0000019747cf0000 - 0x0000019747cf3000 	C:\Users\levch\.openjfx\cache\22-ea+11\amd64\api-ms-win-core-debug-l1-1-0.dll
0x0000019747d00000 - 0x0000019747d03000 	C:\Users\levch\.openjfx\cache\22-ea+11\amd64\api-ms-win-core-errorhandling-l1-1-0.dll
0x0000019747d10000 - 0x0000019747d14000 	C:\Users\levch\.openjfx\cache\22-ea+11\amd64\api-ms-win-core-file-l1-1-0.dll
0x0000019747d20000 - 0x0000019747d23000 	C:\Users\levch\.openjfx\cache\22-ea+11\amd64\api-ms-win-core-file-l1-2-0.dll
0x0000019747d30000 - 0x0000019747d33000 	C:\Users\levch\.openjfx\cache\22-ea+11\amd64\api-ms-win-core-file-l2-1-0.dll
0x0000019747e50000 - 0x0000019747e53000 	C:\Users\levch\.openjfx\cache\22-ea+11\amd64\api-ms-win-core-handle-l1-1-0.dll
0x0000019747e60000 - 0x0000019747e63000 	C:\Users\levch\.openjfx\cache\22-ea+11\amd64\api-ms-win-core-heap-l1-1-0.dll
0x0000019747e70000 - 0x0000019747e73000 	C:\Users\levch\.openjfx\cache\22-ea+11\amd64\api-ms-win-core-interlocked-l1-1-0.dll
0x0000019747e80000 - 0x0000019747e83000 	C:\Users\levch\.openjfx\cache\22-ea+11\amd64\api-ms-win-core-libraryloader-l1-1-0.dll
0x0000019747e90000 - 0x0000019747e93000 	C:\Users\levch\.openjfx\cache\22-ea+11\amd64\api-ms-win-core-localization-l1-2-0.dll
0x0000019747d40000 - 0x0000019747d43000 	C:\Users\levch\.openjfx\cache\22-ea+11\amd64\api-ms-win-core-memory-l1-1-0.dll
0x0000019747d50000 - 0x0000019747d53000 	C:\Users\levch\.openjfx\cache\22-ea+11\amd64\api-ms-win-core-namedpipe-l1-1-0.dll
0x0000019747d60000 - 0x0000019747d63000 	C:\Users\levch\.openjfx\cache\22-ea+11\amd64\api-ms-win-core-processenvironment-l1-1-0.dll
0x0000019747d70000 - 0x0000019747d73000 	C:\Users\levch\.openjfx\cache\22-ea+11\amd64\api-ms-win-core-processthreads-l1-1-0.dll
0x0000019747d80000 - 0x0000019747d83000 	C:\Users\levch\.openjfx\cache\22-ea+11\amd64\api-ms-win-core-processthreads-l1-1-1.dll
0x0000019747d90000 - 0x0000019747d93000 	C:\Users\levch\.openjfx\cache\22-ea+11\amd64\api-ms-win-core-profile-l1-1-0.dll
0x0000019747da0000 - 0x0000019747da3000 	C:\Users\levch\.openjfx\cache\22-ea+11\amd64\api-ms-win-core-rtlsupport-l1-1-0.dll
0x0000019747db0000 - 0x0000019747db3000 	C:\Users\levch\.openjfx\cache\22-ea+11\amd64\api-ms-win-core-string-l1-1-0.dll
0x0000019747dc0000 - 0x0000019747dc3000 	C:\Users\levch\.openjfx\cache\22-ea+11\amd64\api-ms-win-core-synch-l1-1-0.dll
0x0000019747dd0000 - 0x0000019747dd3000 	C:\Users\levch\.openjfx\cache\22-ea+11\amd64\api-ms-win-core-synch-l1-2-0.dll
0x0000019747de0000 - 0x0000019747de3000 	C:\Users\levch\.openjfx\cache\22-ea+11\amd64\api-ms-win-core-sysinfo-l1-1-0.dll
0x0000019747df0000 - 0x0000019747df3000 	C:\Users\levch\.openjfx\cache\22-ea+11\amd64\api-ms-win-core-timezone-l1-1-0.dll
0x0000019747e00000 - 0x0000019747e03000 	C:\Users\levch\.openjfx\cache\22-ea+11\amd64\api-ms-win-core-util-l1-1-0.dll
0x0000019747e10000 - 0x0000019747e13000 	C:\Users\levch\.openjfx\cache\22-ea+11\amd64\api-ms-win-crt-conio-l1-1-0.dll
0x0000019747e20000 - 0x0000019747e24000 	C:\Users\levch\.openjfx\cache\22-ea+11\amd64\api-ms-win-crt-convert-l1-1-0.dll
0x0000019747e30000 - 0x0000019747e33000 	C:\Users\levch\.openjfx\cache\22-ea+11\amd64\api-ms-win-crt-environment-l1-1-0.dll
0x0000019747e40000 - 0x0000019747e43000 	C:\Users\levch\.openjfx\cache\22-ea+11\amd64\api-ms-win-crt-filesystem-l1-1-0.dll
0x0000019747ea0000 - 0x0000019747ea3000 	C:\Users\levch\.openjfx\cache\22-ea+11\amd64\api-ms-win-crt-heap-l1-1-0.dll
0x0000019747eb0000 - 0x0000019747eb3000 	C:\Users\levch\.openjfx\cache\22-ea+11\amd64\api-ms-win-crt-locale-l1-1-0.dll
0x0000019747ec0000 - 0x0000019747ec5000 	C:\Users\levch\.openjfx\cache\22-ea+11\amd64\api-ms-win-crt-math-l1-1-0.dll
0x0000019747ed0000 - 0x0000019747ed5000 	C:\Users\levch\.openjfx\cache\22-ea+11\amd64\api-ms-win-crt-multibyte-l1-1-0.dll
0x0000019747ee0000 - 0x0000019747ef0000 	C:\Users\levch\.openjfx\cache\22-ea+11\amd64\api-ms-win-crt-private-l1-1-0.dll
0x0000019747ef0000 - 0x0000019747ef3000 	C:\Users\levch\.openjfx\cache\22-ea+11\amd64\api-ms-win-crt-process-l1-1-0.dll
0x0000019747f00000 - 0x0000019747f04000 	C:\Users\levch\.openjfx\cache\22-ea+11\amd64\api-ms-win-crt-runtime-l1-1-0.dll
0x0000019747f10000 - 0x0000019747f14000 	C:\Users\levch\.openjfx\cache\22-ea+11\amd64\api-ms-win-crt-stdio-l1-1-0.dll
0x0000019747f20000 - 0x0000019747f24000 	C:\Users\levch\.openjfx\cache\22-ea+11\amd64\api-ms-win-crt-string-l1-1-0.dll
0x0000019747f30000 - 0x0000019747f33000 	C:\Users\levch\.openjfx\cache\22-ea+11\amd64\api-ms-win-crt-time-l1-1-0.dll
0x0000019747f40000 - 0x0000019747f43000 	C:\Users\levch\.openjfx\cache\22-ea+11\amd64\api-ms-win-crt-utility-l1-1-0.dll
0x00007ff964300000 - 0x00007ff9643fc000 	C:\Users\levch\.openjfx\cache\22-ea+11\amd64\ucrtbase.dll
0x00007ff980340000 - 0x00007ff98035b000 	C:\Users\levch\.openjfx\cache\22-ea+11\amd64\vcruntime140.dll
0x00007ff980620000 - 0x00007ff98062c000 	C:\Users\levch\.openjfx\cache\22-ea+11\amd64\vcruntime140_1.dll
0x00007ff9754e0000 - 0x00007ff97556e000 	C:\Users\levch\.openjfx\cache\22-ea+11\amd64\msvcp140.dll
0x00007ff97f810000 - 0x00007ff97f819000 	C:\Users\levch\.openjfx\cache\22-ea+11\amd64\msvcp140_1.dll
0x00007ff97a840000 - 0x00007ff97a86f000 	C:\Users\levch\.openjfx\cache\22-ea+11\amd64\msvcp140_2.dll
0x00007ff97a6e0000 - 0x00007ff97a70f000 	C:\Users\levch\.openjfx\cache\22-ea+11\amd64\prism_d3d.dll
0x00007ff975220000 - 0x00007ff9753c6000 	C:\WINDOWS\system32\d3d9.dll
0x00007ff98e420000 - 0x00007ff98e44e000 	C:\WINDOWS\SYSTEM32\dwmapi.dll
0x00007ff98e4d0000 - 0x00007ff98e517000 	C:\WINDOWS\SYSTEM32\dxcore.dll
0x00007ff98e0c0000 - 0x00007ff98e16d000 	C:\WINDOWS\system32\uxtheme.dll
0x00007ff989530000 - 0x00007ff9895f4000 	C:\WINDOWS\System32\DriverStore\FileRepository\nvam.inf_amd64_7e083f37999613bd\nvldumdx.dll
0x00007ff990ea0000 - 0x00007ff990eb3000 	C:\WINDOWS\SYSTEM32\msasn1.dll
0x00007ff989370000 - 0x00007ff9893ab000 	C:\WINDOWS\SYSTEM32\cryptnet.dll
0x00007ff991a50000 - 0x00007ff991bc6000 	C:\WINDOWS\System32\CRYPT32.dll
0x00007ff990d30000 - 0x00007ff990d3c000 	C:\WINDOWS\SYSTEM32\cryptbase.dll
0x00007ff990dd0000 - 0x00007ff990e2d000 	C:\WINDOWS\SYSTEM32\wldp.dll
0x00007ff9891f0000 - 0x00007ff989368000 	C:\WINDOWS\SYSTEM32\drvstore.dll
0x00007ff991370000 - 0x00007ff99139d000 	C:\WINDOWS\SYSTEM32\devobj.dll
0x00007ff9913a0000 - 0x00007ff9913ff000 	C:\WINDOWS\SYSTEM32\cfgmgr32.dll
0x00007ff991840000 - 0x00007ff9918bf000 	C:\WINDOWS\System32\wintrust.dll
0x00007ff992d40000 - 0x00007ff992d60000 	C:\WINDOWS\System32\imagehlp.dll
0x00007ff990e40000 - 0x00007ff990e5c000 	C:\WINDOWS\SYSTEM32\CRYPTSP.dll
0x00007ff990580000 - 0x00007ff9905b8000 	C:\WINDOWS\system32\rsaenh.dll
0x00007ff990fd0000 - 0x00007ff990ff6000 	C:\WINDOWS\SYSTEM32\bcrypt.dll
0x00007ff9861b0000 - 0x00007ff988ec0000 	C:\WINDOWS\System32\DriverStore\FileRepository\nvam.inf_amd64_7e083f37999613bd\nvgpucomp64.dll
0x00007ff919000000 - 0x00007ff91ad8c000 	C:\WINDOWS\System32\DriverStore\FileRepository\nvam.inf_amd64_7e083f37999613bd\nvd3dumx.dll
0x00007ff98e270000 - 0x00007ff98e2cc000 	C:\WINDOWS\SYSTEM32\directxdatabasehelper.dll
0x00007ff977610000 - 0x00007ff977652000 	C:\Users\levch\.openjfx\cache\22-ea+11\amd64\glass.dll
0x00007ff994210000 - 0x00007ff9942fd000 	C:\WINDOWS\System32\COMDLG32.dll
0x00007ff993e20000 - 0x00007ff993f7c000 	C:\WINDOWS\System32\MSCTF.dll
0x00007ff952150000 - 0x00007ff952420000 	C:\WINDOWS\system32\nvspcap64.dll
0x00007ff990740000 - 0x00007ff990775000 	C:\WINDOWS\SYSTEM32\ntmarta.dll
0x00007ff990b70000 - 0x00007ff990b97000 	C:\WINDOWS\SYSTEM32\gpapi.dll
0x00007ff925910000 - 0x00007ff925a65000 	C:\WINDOWS\System32\DriverStore\FileRepository\nvam.inf_amd64_7e083f37999613bd\nvppex.dll
0x00007ff97f7a0000 - 0x00007ff97f7b4000 	C:\Users\levch\.openjfx\cache\22-ea+11\amd64\javafx_font.dll
0x00007ff98b690000 - 0x00007ff98b8f5000 	C:\WINDOWS\SYSTEM32\dwrite.dll
0x00007ff992b10000 - 0x00007ff992bb8000 	C:\WINDOWS\System32\clbcatq.dll
0x00007ff98de00000 - 0x00007ff98e02e000 	C:\WINDOWS\SYSTEM32\WindowsCodecs.dll
0x00007ff976830000 - 0x00007ff97688a000 	C:\WINDOWS\system32\dataexchange.dll

dbghelp: loaded successfully - version: 4.0.5 - missing functions: none
symbol engine: initialized successfully - sym options: 0x614 - pdb path: .;C:\Users\levch\.jdks\openjdk-23.0.1\bin;C:\WINDOWS\SYSTEM32;C:\WINDOWS\WinSxS\amd64_microsoft.windows.common-controls_6595b64144ccf1df_6.0.26100.2454_none_3e0b68a2e331ad60;C:\Users\levch\.jdks\openjdk-23.0.1\bin\server;C:\Program Files\JetBrains\IntelliJ IDEA Community Edition 2024.2.1\bin;C:\Users\levch\.openjfx\cache\22-ea+11\amd64;C:\WINDOWS\System32\DriverStore\FileRepository\nvam.inf_amd64_7e083f37999613bd;C:\Program Files\Common Files\Microsoft Shared\Ink

VM Arguments:
jvm_args: -javaagent:C:\Program Files\JetBrains\IntelliJ IDEA Community Edition 2024.2.1\lib\idea_rt.jar=42471:C:\Program Files\JetBrains\IntelliJ IDEA Community Edition 2024.2.1\bin -Dfile.encoding=UTF-8 -Dsun.stdout.encoding=UTF-8 -Dsun.stderr.encoding=UTF-8 --module-path=C:\Users\levch\.m2\repository\org\slf4j\slf4j-api\2.0.7\slf4j-api-2.0.7.jar;C:\Users\levch\.m2\repository\com\google\errorprone\error_prone_annotations\2.27.0\error_prone_annotations-2.27.0.jar;C:\Users\levch\.m2\repository\org\openjfx\javafx-base\22-ea+11\javafx-base-22-ea+11-win.jar;C:\Users\levch\.m2\repository\org\openjfx\javafx-controls\22-ea+11\javafx-controls-22-ea+11-win.jar;C:\Users\levch\.m2\repository\org\openjfx\javafx-graphics\22-ea+11\javafx-graphics-22-ea+11-win.jar;C:\Users\levch\IdeaProjects\Pong\client\target\classes;C:\Users\levch\.m2\repository\com\google\code\gson\gson\2.11.0\gson-2.11.0.jar;C:\Users\levch\.m2\repository\ch\qos\logback\logback-classic\1.4.11\logback-classic-1.4.11.jar;C:\Users\levch\.m2\repository\org\openjfx\javafx-fxml\22-ea+11\javafx-fxml-22-ea+11-win.jar;C:\Users\levch\.m2\repository\ch\qos\logback\logback-core\1.4.11\logback-core-1.4.11.jar -Djdk.module.main=ru.mono.pong 
java_command: ru.mono.pong/ru.mono.pong.Main
java_class_path (initial): C:\Users\levch\.m2\repository\org\openjfx\javafx-controls\22-ea+11\javafx-controls-22-ea+11.jar;C:\Users\levch\.m2\repository\org\openjfx\javafx-graphics\22-ea+11\javafx-graphics-22-ea+11.jar;C:\Users\levch\.m2\repository\org\openjfx\javafx-base\22-ea+11\javafx-base-22-ea+11.jar;C:\Users\levch\.m2\repository\org\openjfx\javafx-fxml\22-ea+11\javafx-fxml-22-ea+11.jar;C:\Users\levch\.m2\repository\io\jsonwebtoken\jjwt\0.9.1\jjwt-0.9.1.jar;C:\Users\levch\.m2\repository\com\fasterxml\jackson\core\jackson-databind\2.9.6\jackson-databind-2.9.6.jar;C:\Users\levch\.m2\repository\com\fasterxml\jackson\core\jackson-annotations\2.9.0\jackson-annotations-2.9.0.jar;C:\Users\levch\.m2\repository\com\fasterxml\jackson\core\jackson-core\2.9.6\jackson-core-2.9.6.jar
Launcher Type: SUN_STANDARD

[Global flags]
     intx CICompilerCount                          = 12                                        {product} {ergonomic}
     uint ConcGCThreads                            = 4                                         {product} {ergonomic}
     uint G1ConcRefinementThreads                  = 15                                        {product} {ergonomic}
   size_t G1HeapRegionSize                         = 2097152                                   {product} {ergonomic}
   size_t InitialHeapSize                          = 264241152                                 {product} {ergonomic}
   size_t MarkStackSize                            = 4194304                                   {product} {ergonomic}
   size_t MarkStackSizeMax                         = 536870912                                 {product} {ergonomic}
   size_t MaxHeapSize                              = 4196401152                                {product} {ergonomic}
   size_t MaxNewSize                               = 2516582400                                {product} {ergonomic}
   size_t MinHeapDeltaBytes                        = 2097152                                   {product} {ergonomic}
   size_t MinHeapSize                              = 8388608                                   {product} {ergonomic}
    uintx NonNMethodCodeHeapSize                   = 7602176                                {pd product} {ergonomic}
    uintx NonProfiledCodeHeapSize                  = 122093568                              {pd product} {ergonomic}
    uintx ProfiledCodeHeapSize                     = 121962496                              {pd product} {ergonomic}
    uintx ReservedCodeCacheSize                    = 251658240                              {pd product} {ergonomic}
     bool SegmentedCodeCache                       = true                                      {product} {ergonomic}
   size_t SoftMaxHeapSize                          = 4196401152                             {manageable} {ergonomic}
     bool UseCompressedOops                        = true                           {product lp64_product} {ergonomic}
     bool UseG1GC                                  = true                                      {product} {ergonomic}
     bool UseLargePagesIndividualAllocation        = false                                  {pd product} {ergonomic}

Logging:
Log output configuration:
 #0: stdout all=off uptime,level,tags foldmultilines=false
 #1: stderr all=off uptime,level,tags foldmultilines=false

Environment Variables:
JAVA_HOME=C:\Program Files\Java\jdk-21
PATH=C:\Program Files\Common Files\Oracle\Java\javapath;C:\Program Files (x86)\VMware\VMware Workstation\bin\;C:\WINDOWS\system32;C:\WINDOWS;C:\WINDOWS\System32\Wbem;C:\WINDOWS\System32\WindowsPowerShell\v1.0\;C:\WINDOWS\System32\OpenSSH\;C:\Program Files (x86)\NVIDIA Corporation\PhysX\Common;C:\Program Files\NVIDIA Corporation\NVIDIA NvDLISR;C:\Program Files\dotnet\;C:\Program Files\PuTTY\;C:\Program Files\Git\cmd;C:\Program Files\AmneziaWG\;C:\Windows\System32;C:\Program Files\MySQL\MySQL Shell 8.0\bin\;C:\Users\levch\AppData\Local\Programs\Python\Python310\Scripts\;C:\Users\levch\AppData\Local\Programs\Python\Python310\;C:\Users\levch\AppData\Local\Microsoft\WindowsApps;C:\Program Files\JetBrains\CLion 2024.1.2\bin;;C:\Program Files (x86)\Nmap;C:\Program Files\Java\jdk-21\bin;C:\Program Files\JetBrains\IntelliJ IDEA Community Edition 2024.2.1\bin;;C:\Users\levch\Downloads\gradle-8.10-bin\gradle-8.10\bin;C:\Users\levch\Downloads\gradle-8.10-bin\gradle-8.10\bin;C:\Users\levch\AppData\Local\GitHubDesktop\bin;C:\Windows\System32;
USERNAME=levch
OS=Windows_NT
PROCESSOR_IDENTIFIER=Intel64 Family 6 Model 154 Stepping 3, GenuineIntel
TMP=C:\Users\levch\AppData\Local\Temp
TEMP=C:\Users\levch\AppData\Local\Temp




Periodic native trim disabled

---------------  S Y S T E M  ---------------

OS:
 Windows 11 , 64 bit Build 26100 (10.0.26100.2454)
OS uptime: 1 days 6:45 hours
Hyper-V role detected

CPU: total 20 (initial active 20) (10 cores per cpu, 2 threads per core) family 6 model 154 stepping 3 microcode 0x421, cx8, cmov, fxsr, ht, mmx, 3dnowpref, sse, sse2, sse3, ssse3, sse4.1, sse4.2, popcnt, lzcnt, tsc, tscinvbit, avx, avx2, aes, erms, clmul, bmi1, bmi2, adx, sha, fma, vzeroupper, clflush, clflushopt, clwb, hv, serialize, rdtscp, rdpid, fsrm, gfni, f16c, cet_ibt, cet_ss
Processor Information for processor 0
  Max Mhz: 2300, Current Mhz: 2300, Mhz Limit: 2300
Processor Information for processor 1
  Max Mhz: 2300, Current Mhz: 2300, Mhz Limit: 2300
Processor Information for processor 2
  Max Mhz: 2300, Current Mhz: 2300, Mhz Limit: 2300
Processor Information for processor 3
  Max Mhz: 2300, Current Mhz: 2300, Mhz Limit: 2300
Processor Information for processor 4
  Max Mhz: 2300, Current Mhz: 2300, Mhz Limit: 2300
Processor Information for processor 5
  Max Mhz: 2300, Current Mhz: 2300, Mhz Limit: 2300
Processor Information for processor 6
  Max Mhz: 2300, Current Mhz: 2300, Mhz Limit: 2300
Processor Information for processor 7
  Max Mhz: 2300, Current Mhz: 2300, Mhz Limit: 2300
Processor Information for processor 8
  Max Mhz: 2300, Current Mhz: 2300, Mhz Limit: 2300
Processor Information for processor 9
  Max Mhz: 2300, Current Mhz: 2300, Mhz Limit: 2300
Processor Information for processor 10
  Max Mhz: 2300, Current Mhz: 2300, Mhz Limit: 2300
Processor Information for processor 11
  Max Mhz: 2300, Current Mhz: 2300, Mhz Limit: 2300
Processor Information for processor 12
  Max Mhz: 2300, Current Mhz: 2300, Mhz Limit: 2300
Processor Information for processor 13
  Max Mhz: 2300, Current Mhz: 1488, Mhz Limit: 2300
Processor Information for processor 14
  Max Mhz: 2300, Current Mhz: 2300, Mhz Limit: 2300
Processor Information for processor 15
  Max Mhz: 2300, Current Mhz: 1488, Mhz Limit: 2300
Processor Information for processor 16
  Max Mhz: 2300, Current Mhz: 2300, Mhz Limit: 2300
Processor Information for processor 17
  Max Mhz: 2300, Current Mhz: 2300, Mhz Limit: 2300
Processor Information for processor 18
  Max Mhz: 2300, Current Mhz: 1488, Mhz Limit: 2300
Processor Information for processor 19
  Max Mhz: 2300, Current Mhz: 2300, Mhz Limit: 2300

Memory: 4k page, system-wide physical 16003M (1976M free)
TotalPageFile size 28291M (AvailPageFile size 945M)
current process WorkingSet (physical memory assigned to process): 170M, peak: 189M
current process commit charge ("private bytes"): 302M, peak: 476M

vm_info: OpenJDK 64-Bit Server VM (23.0.1+11-39) for windows-amd64 JRE (23.0.1+11-39), built on 2024-09-30T07:20:43Z with MS VC++ 17.6 (VS2022)

END.
