#
# A fatal error has been detected by the Java Runtime Environment:
#
#  EXCEPTION_ACCESS_VIOLATION (0xc0000005) at pc=0x00007ff9776364a7, pid=31980, tid=19044
#
# JRE version: OpenJDK Runtime Environment (23.0.1+11) (build 23.0.1+11-39)
# Java VM: OpenJDK 64-Bit Server VM (23.0.1+11-39, mixed mode, sharing, tiered, compressed oops, compressed class ptrs, g1 gc, windows-amd64)
# Problematic frame:
# C  [glass.dll+0x264a7]
#
# No core dump will be written. Minidumps are not enabled by default on client versions of Windows
#
# If you would like to submit a bug report, please visit:
#   https://bugreport.java.com/bugreport/crash.jsp
#

---------------  S U M M A R Y ------------

Command Line: -javaagent:C:\Program Files\JetBrains\IntelliJ IDEA Community Edition 2024.2.1\lib\idea_rt.jar=42495:C:\Program Files\JetBrains\IntelliJ IDEA Community Edition 2024.2.1\bin -Dfile.encoding=UTF-8 -Dsun.stdout.encoding=UTF-8 -Dsun.stderr.encoding=UTF-8 --module-path=C:\Users\levch\.m2\repository\org\slf4j\slf4j-api\2.0.7\slf4j-api-2.0.7.jar;C:\Users\levch\.m2\repository\com\google\errorprone\error_prone_annotations\2.27.0\error_prone_annotations-2.27.0.jar;C:\Users\levch\.m2\repository\org\openjfx\javafx-base\22-ea+11\javafx-base-22-ea+11-win.jar;C:\Users\levch\.m2\repository\org\openjfx\javafx-controls\22-ea+11\javafx-controls-22-ea+11-win.jar;C:\Users\levch\.m2\repository\org\openjfx\javafx-graphics\22-ea+11\javafx-graphics-22-ea+11-win.jar;C:\Users\levch\IdeaProjects\Pong\client\target\classes;C:\Users\levch\.m2\repository\com\google\code\gson\gson\2.11.0\gson-2.11.0.jar;C:\Users\levch\.m2\repository\ch\qos\logback\logback-classic\1.4.11\logback-classic-1.4.11.jar;C:\Users\levch\.m2\repository\org\openjfx\javafx-fxml\22-ea+11\javafx-fxml-22-ea+11-win.jar;C:\Users\levch\.m2\repository\ch\qos\logback\logback-core\1.4.11\logback-core-1.4.11.jar -Djdk.module.main=ru.mono.pong ru.mono.pong/ru.mono.pong.Main

Host: 12th Gen Intel(R) Core(TM) i7-12700H, 20 cores, 15G,  Windows 11 , 64 bit Build 26100 (10.0.26100.2454)
Time: Wed Jan 22 01:50:37 2025  Windows 11 , 64 bit Build 26100 (10.0.26100.2454) elapsed time: 32.833740 seconds (0d 0h 0m 32s)

---------------  T H R E A D  ---------------

Current thread (0x00000203bf7c55d0):  VMThread "VM Thread"          [id=19044, stack(0x0000003b2f100000,0x0000003b2f200000) (1024K)]

Stack: [0x0000003b2f100000,0x0000003b2f200000],  sp=0x0000003b2f1ff1d0,  free space=1020k
Native frames: (J=compiled Java code, j=interpreted, Vv=VM code, C=native code)
C  [glass.dll+0x264a7]  (no source info available)
C  [ucrtbase.dll+0x1cf05]  (no source info available)
C  [ucrtbase.dll+0x1ce27]  (no source info available)
C  [ucrtbase.dll+0x1cddd]  (no source info available)
C  [glass.dll+0x23cad]  (no source info available)
C  [glass.dll+0x23dd2]  (no source info available)
C  [ntdll.dll+0x1d860]  (no source info available)
C  [ntdll.dll+0xe0bc0]  (no source info available)
C  [ntdll.dll+0xdfd84]  (no source info available)
C  [KERNEL32.DLL+0x418ab]  (no source info available)
C  [ucrtbase.dll+0xa0543]  (no source info available)
V  [jvm.dll+0x6d990c]  (no source info available)
V  [jvm.dll+0x6d9440]  (no source info available)
V  [jvm.dll+0x3da534]  (no source info available)
V  [jvm.dll+0x886720]  (no source info available)
V  [jvm.dll+0x887a47]  (no source info available)
V  [jvm.dll+0x887f78]  (no source info available)
V  [jvm.dll+0x888213]  (no source info available)
V  [jvm.dll+0x824f8b]  (no source info available)
V  [jvm.dll+0x6df065]  (no source info available)
C  [ucrtbase.dll+0x14ea0]  (no source info available)
C  [KERNEL32.DLL+0x2e8d7]  (no source info available)
C  [ntdll.dll+0xdfbcc]  (no source info available)


siginfo: EXCEPTION_ACCESS_VIOLATION (0xc0000005), reading address 0x0000000000000000


Registers:
RAX=0x0000000000000000, RBX=0x00000203bf7b8d72, RCX=0x00000203bf7c55d0, RDX=0x0000003b2f1ff1d0
RSP=0x0000003b2f1ff1d0, RBP=0x0000bed4c7a4c093, RSI=0x00000204068cd2d8, RDI=0x00000204068cd2b0
R8 =0x0000000000010002, R9 =0x0000bed4c7a4c093, R10=0x000002039dcc0000, R11=0x0000003b2f1ff2b8
R12=0x0000000000000001, R13=0x000000007ffe0385, R14=0x0000003b2f1ff2d8, R15=0x00000204068cd2b0
RIP=0x00007ff9776364a7, EFLAGS=0x0000000000010202


Register to memory mapping:

RAX=0x0 is null
RBX=0x00000203bf7b8d72 is a global jni handle
RCX=0x00000203bf7c55d0 points into unknown readable memory: 0x00007ff8cb1cf688 | 88 f6 1c cb f8 7f 00 00
RDX=0x0000003b2f1ff1d0 points into unknown readable memory: 0x0000000000000000 | 00 00 00 00 00 00 00 00
RSP=0x0000003b2f1ff1d0 points into unknown readable memory: 0x0000000000000000 | 00 00 00 00 00 00 00 00
RBP=0x0000bed4c7a4c093 is an unknown value
RSI=0x00000204068cd2d8 points into unknown readable memory: 0x0000bed4c7a4c093 | 93 c0 a4 c7 d4 be 00 00
RDI=0x00000204068cd2b0 points into unknown readable memory: 0xffcb05cd0e64c090 | 90 c0 64 0e cd 05 cb ff
R8 =0x0000000000010002 is an unknown value
R9 =0x0000bed4c7a4c093 is an unknown value
R10=0x000002039dcc0000 points into unknown readable memory: 0x0000000000000000 | 00 00 00 00 00 00 00 00
R11=0x0000003b2f1ff2b8 points into unknown readable memory: 0x00007ff977633cad | ad 3c 63 77 f9 7f 00 00
R12=0x0000000000000001 is an unknown value
R13=0x000000007ffe0385 points into unknown readable memory: 00 00 00
R14=0x0000003b2f1ff2d8 points into unknown readable memory: 0x0000003b2f1ff2c0 | c0 f2 1f 2f 3b 00 00 00
R15=0x00000204068cd2b0 points into unknown readable memory: 0xffcb05cd0e64c090 | 90 c0 64 0e cd 05 cb ff

Top of Stack: (sp=0x0000003b2f1ff1d0)
0x0000003b2f1ff1d0:   0000000000000000 0000020400000000
0x0000003b2f1ff1e0:   0000020406562bc0 0000000000000001
0x0000003b2f1ff1f0:   00000204068cd2b8 00007ff991cacf05
0x0000003b2f1ff200:   00000204068cd2b0 0000020400000000
0x0000003b2f1ff210:   00000204068cd2d0 0000bed4c7a4c093
0x0000003b2f1ff220:   fffffffffffffffe 0000000000000001
0x0000003b2f1ff230:   00007ff977610000 00007ff977610000
0x0000003b2f1ff240:   0000003b2f1ff2c8 00007ff991cace27
0x0000003b2f1ff250:   0000003b2f1ff200 0000003b2f1ff2d8
0x0000003b2f1ff260:   0000003b2f1ff800 00007ff991dc88c0
0x0000003b2f1ff270:   0000000000000001 00007ff991cacddd
0x0000003b2f1ff280:   0000000000000000 0000000000000001
0x0000003b2f1ff290:   0000000000000000 0000003b2f1ff2c8
0x0000003b2f1ff2a0:   fffffffffffffffe 0000003b00000000
0x0000003b2f1ff2b0:   ffffffff00000001 00007ff977633cad
0x0000003b2f1ff2c0:   00007ff977649fd8 00007ff900000002
0x0000003b2f1ff2d0:   0000000000000002 0000003b2f1ff2c0
0x0000003b2f1ff2e0:   00007ff990740000 0000000000000001
0x0000003b2f1ff2f0:   0000000000000000 00007ff977633dd2
0x0000003b2f1ff300:   0000000000000001 000000007ffe0300
0x0000003b2f1ff310:   0000000000000001 0000000000000001
0x0000003b2f1ff320:   000000007ffe0384 00007ff994202888
0x0000003b2f1ff330:   0000000000000001 000000000000007a
0x0000003b2f1ff340:   0000000000000000 0000000000000001
0x0000003b2f1ff350:   00007ff977633e20 00007ff99435d860
0x0000003b2f1ff360:   00007ff977610000 00007ff900000000
0x0000003b2f1ff370:   0000000000000001 000000007ffe0384
0x0000003b2f1ff380:   00000000000000bc 0000000000000000
0x0000003b2f1ff390:   0000000000000000 0000000000000000
0x0000003b2f1ff3a0:   00007ff977610000 ffff105900000000
0x0000003b2f1ff3b0:   0000000000000078 0000000000000000
0x0000003b2f1ff3c0:   0000000000000000 00000203bf7c6b70 

Instructions: (pc=0x00007ff9776364a7)
0x00007ff9776363a7:   8b 4d 58 e8 bd cf ff ff 48 8b 4d 60 e8 b4 cf ff
0x00007ff9776363b7:   ff 48 8b 95 80 00 00 00 48 8b 8d 18 01 00 00 e8
0x00007ff9776363c7:   a6 c4 ff ff 33 d2 33 c9 e8 fc e1 ff ff 90 48 89
0x00007ff9776363d7:   54 24 10 55 48 83 ec 20 48 8b ea 48 b8 00 00 00
0x00007ff9776363e7:   00 00 00 00 00 48 83 c4 20 5d c3 cc 40 55 48 8b
0x00007ff9776363f7:   ea 48 8b 01 33 c9 81 38 05 00 00 c0 0f 94 c1 8b
0x00007ff977636407:   c1 5d c3 cc 40 55 48 83 ec 20 48 8b ea 8a 4d 40
0x00007ff977636417:   48 83 c4 20 5d e9 a3 d3 ff ff cc 40 55 48 83 ec
0x00007ff977636427:   20 48 8b ea 8a 4d 20 e8 91 d3 ff ff 90 48 83 c4
0x00007ff977636437:   20 5d c3 cc 40 55 48 83 ec 20 48 8b ea 48 83 c4
0x00007ff977636447:   20 5d e9 f2 d1 ff ff cc 40 55 48 83 ec 30 48 8b
0x00007ff977636457:   ea 48 8b 01 8b 10 48 89 4c 24 28 89 54 24 20 4c
0x00007ff977636467:   8d 0d 93 d6 ff ff 4c 8b 45 70 8b 55 68 48 8b 4d
0x00007ff977636477:   60 e8 33 d1 ff ff 90 48 83 c4 30 5d c3 cc cc cc
0x00007ff977636487:   cc cc cc cc cc cc cc cc cc 40 53 48 83 ec 20 48
0x00007ff977636497:   8b 1d 6b 35 01 00 48 85 db 74 16 e8 b9 8f ff ff
0x00007ff9776364a7:   4c 8b 00 48 8b d3 48 8b c8 41 ff 90 b0 00 00 00
0x00007ff9776364b7:   90 48 83 c4 20 5b c3 cc cc 40 53 48 83 ec 20 48
0x00007ff9776364c7:   8b 1d ab 36 01 00 48 85 db 74 57 b8 ff ff ff ff
0x00007ff9776364d7:   f0 0f c1 43 10 83 f8 01 75 3d 48 85 db 74 38 48
0x00007ff9776364e7:   8b 0b 48 85 c9 74 0d ff 15 b4 0d 00 00 48 c7 03
0x00007ff9776364f7:   00 00 00 00 48 8b 4b 08 48 85 c9 74 0d e8 63 ce
0x00007ff977636507:   ff ff 48 c7 43 08 00 00 00 00 ba 18 00 00 00 48
0x00007ff977636517:   8b cb e8 4e ce ff ff 48 c7 05 4f 36 01 00 00 00
0x00007ff977636527:   00 00 48 83 c4 20 5b c3 cc 40 53 48 83 ec 20 48
0x00007ff977636537:   8b 1d 1b 36 01 00 48 85 db 74 57 b8 ff ff ff ff
0x00007ff977636547:   f0 0f c1 43 10 83 f8 01 75 3d 48 85 db 74 38 48
0x00007ff977636557:   8b 0b 48 85 c9 74 0d ff 15 44 0d 00 00 48 c7 03
0x00007ff977636567:   00 00 00 00 48 8b 4b 08 48 85 c9 74 0d e8 f3 cd
0x00007ff977636577:   ff ff 48 c7 43 08 00 00 00 00 ba 18 00 00 00 48
0x00007ff977636587:   8b cb e8 de cd ff ff 48 c7 05 bf 35 01 00 00 00
0x00007ff977636597:   00 00 48 83 c4 20 5b c3 cc 40 53 48 83 ec 20 48 


Stack slot to memory mapping:

stack at sp + 0 slots: 0x0 is null
stack at sp + 1 slots: 0x0000020400000000 is an unknown value
stack at sp + 2 slots: 0x0000020406562bc0 points into unknown readable memory: 0x000002040655c4c0 | c0 c4 55 06 04 02 00 00
stack at sp + 3 slots: 0x0000000000000001 is an unknown value
stack at sp + 4 slots: 0x00000204068cd2b8 points into unknown readable memory: 0x0000bed4c7a4c093 | 93 c0 a4 c7 d4 be 00 00
stack at sp + 5 slots: 0x00007ff991cacf05 ucrtbase.dll
stack at sp + 6 slots: 0x00000204068cd2b0 points into unknown readable memory: 0xffcb05cd0e64c090 | 90 c0 64 0e cd 05 cb ff
stack at sp + 7 slots: 0x0000020400000000 is an unknown value

VM_Operation (0x0000003b2fafeed0): Exit, mode: safepoint, requested by thread 0x000002040832f440


---------------  P R O C E S S  ---------------

Threads class SMR info:
_java_thread_list=0x0000020406bdd890, length=34, elements={
0x000002039dbf64c0, 0x00000203bf7dcdd0, 0x00000203bf7dda30, 0x00000203bf7e4440,
0x00000203bf7e66c0, 0x00000203bf7e78c0, 0x00000203bf7ea790, 0x00000203bf7eb9e0,
0x00000203c05b4a40, 0x0000020406dfb980, 0x0000020407030450, 0x000002040717afc0,
0x000002040655cda0, 0x0000020406c50670, 0x00000204077ead40, 0x000002040783cd40,
0x0000020407a38ca0, 0x0000020407a399c0, 0x0000020407a3a050, 0x0000020407a3a6e0,
0x000002040832bfc0, 0x000002040832b930, 0x000002040832cce0, 0x0000020408329860,
0x000002040832d370, 0x0000020408329ef0, 0x000002040832a580, 0x000002040832e090,
0x000002040832e720, 0x000002040832da00, 0x000002040832b2a0, 0x0000020408330e80,
0x000002040832fad0, 0x000002040832f440
}

Java Threads: ( => current thread )
  0x000002039dbf64c0 JavaThread "main"                              [_thread_blocked, id=4424, stack(0x0000003b2ea00000,0x0000003b2eb00000) (1024K)]
  0x00000203bf7dcdd0 JavaThread "Reference Handler"          daemon [_thread_blocked, id=27940, stack(0x0000003b2f200000,0x0000003b2f300000) (1024K)]
  0x00000203bf7dda30 JavaThread "Finalizer"                  daemon [_thread_blocked, id=36748, stack(0x0000003b2f300000,0x0000003b2f400000) (1024K)]
  0x00000203bf7e4440 JavaThread "Attach Listener"            daemon [_thread_blocked, id=42136, stack(0x0000003b2f500000,0x0000003b2f600000) (1024K)]
  0x00000203bf7e66c0 JavaThread "Service Thread"             daemon [_thread_blocked, id=42116, stack(0x0000003b2f600000,0x0000003b2f700000) (1024K)]
  0x00000203bf7e78c0 JavaThread "Monitor Deflation Thread"   daemon [_thread_blocked, id=39652, stack(0x0000003b2f700000,0x0000003b2f800000) (1024K)]
  0x00000203bf7ea790 JavaThread "C2 CompilerThread0"         daemon [_thread_blocked, id=41788, stack(0x0000003b2f800000,0x0000003b2f900000) (1024K)]
  0x00000203bf7eb9e0 JavaThread "C1 CompilerThread0"         daemon [_thread_blocked, id=23540, stack(0x0000003b2f900000,0x0000003b2fa00000) (1024K)]
  0x00000203c05b4a40 JavaThread "Common-Cleaner"             daemon [_thread_blocked, id=23316, stack(0x0000003b2fb00000,0x0000003b2fc00000) (1024K)]
  0x0000020406dfb980 JavaThread "Monitor Ctrl-Break"         daemon [_thread_in_native, id=41104, stack(0x0000003b30300000,0x0000003b30400000) (1024K)]
  0x0000020407030450 JavaThread "Notification Thread"        daemon [_thread_blocked, id=6796, stack(0x0000003b30400000,0x0000003b30500000) (1024K)]
  0x000002040717afc0 JavaThread "QuantumRenderer-0"          daemon [_thread_blocked, id=46464, stack(0x0000003b30500000,0x0000003b30600000) (1024K)]
  0x000002040655cda0 JavaThread "InvokeLaterDispatcher"      daemon [_thread_blocked, id=45220, stack(0x0000003b30800000,0x0000003b30900000) (1024K)]
  0x0000020406c50670 JavaThread "JavaFX Application Thread"         [_thread_blocked, id=36512, stack(0x0000003b30900000,0x0000003b30a00000) (1024K)]
  0x00000204077ead40 JavaThread "Thread-1"                   daemon [_thread_in_native, id=3504, stack(0x0000003b2ff00000,0x0000003b30000000) (1024K)]
  0x000002040783cd40 JavaThread "JavaFX-Launcher"                   [_thread_blocked, id=7788, stack(0x0000003b30c00000,0x0000003b30d00000) (1024K)]
  0x0000020407a38ca0 JavaThread "Prism Font Disposer"        daemon [_thread_blocked, id=7196, stack(0x0000003b31700000,0x0000003b31800000) (1024K)]
  0x0000020407a399c0 JavaThread "Cleaner-0"                  daemon [_thread_blocked, id=20544, stack(0x0000003b30d00000,0x0000003b30e00000) (1024K)]
  0x0000020407a3a050 JavaThread "HttpClient-1-SelectorManager" daemon [_thread_blocked, id=46548, stack(0x0000003b31f00000,0x0000003b32000000) (1024K)]
  0x0000020407a3a6e0 JavaThread "HttpClient-1-Worker-0"      daemon [_thread_blocked, id=4040, stack(0x0000003b32100000,0x0000003b32200000) (1024K)]
  0x000002040832bfc0 JavaThread "HttpClient-1-Worker-1"      daemon [_thread_blocked, id=27752, stack(0x0000003b32200000,0x0000003b32300000) (1024K)]
  0x000002040832b930 JavaThread "HttpClient-1-Worker-2"      daemon [_thread_blocked, id=19444, stack(0x0000003b32300000,0x0000003b32400000) (1024K)]
  0x000002040832cce0 JavaThread "HttpClient-2-SelectorManager" daemon [_thread_in_native, id=41516, stack(0x0000003b32400000,0x0000003b32500000) (1024K)]
  0x0000020408329860 JavaThread "HttpClient-2-Worker-0"      daemon [_thread_blocked, id=33120, stack(0x0000003b32500000,0x0000003b32600000) (1024K)]
  0x000002040832d370 JavaThread "HttpClient-2-Worker-1"      daemon [_thread_blocked, id=45676, stack(0x0000003b32600000,0x0000003b32700000) (1024K)]
  0x0000020408329ef0 JavaThread "HttpClient-3-SelectorManager" daemon [_thread_in_native, id=34176, stack(0x0000003b32900000,0x0000003b32a00000) (1024K)]
  0x000002040832a580 JavaThread "HttpClient-3-Worker-0"      daemon [_thread_blocked, id=42980, stack(0x0000003b32a00000,0x0000003b32b00000) (1024K)]
  0x000002040832e090 JavaThread "HttpClient-3-Worker-1"      daemon [_thread_blocked, id=1896, stack(0x0000003b32b00000,0x0000003b32c00000) (1024K)]
  0x000002040832e720 JavaThread "HttpClient-4-SelectorManager" daemon [_thread_in_native, id=39296, stack(0x0000003b31800000,0x0000003b31900000) (1024K)]
  0x000002040832da00 JavaThread "HttpClient-4-Worker-0"      daemon [_thread_blocked, id=40468, stack(0x0000003b32700000,0x0000003b32800000) (1024K)]
  0x000002040832b2a0 JavaThread "HttpClient-4-Worker-1"      daemon [_thread_blocked, id=21160, stack(0x0000003b32800000,0x0000003b32900000) (1024K)]
  0x0000020408330e80 JavaThread "HttpClient-4-Worker-2"      daemon [_thread_blocked, id=12480, stack(0x0000003b32c00000,0x0000003b32d00000) (1024K)]
  0x000002040832fad0 JavaThread "Thread-7"                          [_thread_in_native, id=41936, stack(0x0000003b32d00000,0x0000003b32e00000) (1024K)]
  0x000002040832f440 JavaThread "SIGINT handler"             daemon [_thread_blocked, id=43260, stack(0x0000003b2fa00000,0x0000003b2fb00000) (1024K)]
Total: 34

Other Threads:
=>0x00000203bf7c55d0 VMThread "VM Thread"                           [id=19044, stack(0x0000003b2f100000,0x0000003b2f200000) (1024K)]
  0x00000203a00f48f0 WorkerThread "GC Thread#0"                     [id=32576, stack(0x0000003b2eb00000,0x0000003b2ec00000) (1024K)]
  0x000002040780bdb0 WorkerThread "GC Thread#1"                     [id=13712, stack(0x0000003b30000000,0x0000003b30100000) (1024K)]
  0x000002040780cc70 WorkerThread "GC Thread#2"                     [id=46768, stack(0x0000003b30100000,0x0000003b30200000) (1024K)]
  0x000002040780b2a0 WorkerThread "GC Thread#3"                     [id=45584, stack(0x0000003b30200000,0x0000003b30300000) (1024K)]
  0x000002040780b650 WorkerThread "GC Thread#4"                     [id=42840, stack(0x0000003b30a00000,0x0000003b30b00000) (1024K)]
  0x000002040780ba00 WorkerThread "GC Thread#5"                     [id=31700, stack(0x0000003b30b00000,0x0000003b30c00000) (1024K)]
  0x000002040780c8c0 WorkerThread "GC Thread#6"                     [id=44708, stack(0x0000003b30e00000,0x0000003b30f00000) (1024K)]
  0x000002040780aef0 WorkerThread "GC Thread#7"                     [id=47100, stack(0x0000003b30f00000,0x0000003b31000000) (1024K)]
  0x000002040780c160 WorkerThread "GC Thread#8"                     [id=42096, stack(0x0000003b31000000,0x0000003b31100000) (1024K)]
  0x000002040780e290 WorkerThread "GC Thread#9"                     [id=41792, stack(0x0000003b31100000,0x0000003b31200000) (1024K)]
  0x000002040780c510 WorkerThread "GC Thread#10"                    [id=46864, stack(0x0000003b31200000,0x0000003b31300000) (1024K)]
  0x000002040780dee0 WorkerThread "GC Thread#11"                    [id=8716, stack(0x0000003b31300000,0x0000003b31400000) (1024K)]
  0x0000020407d56320 WorkerThread "GC Thread#12"                    [id=16096, stack(0x0000003b31900000,0x0000003b31a00000) (1024K)]
  0x0000020407d571e0 WorkerThread "GC Thread#13"                    [id=7948, stack(0x0000003b31a00000,0x0000003b31b00000) (1024K)]
  0x0000020407d566d0 WorkerThread "GC Thread#14"                    [id=39892, stack(0x0000003b31b00000,0x0000003b31c00000) (1024K)]
  0x00000203a010a0f0 ConcurrentGCThread "G1 Main Marker"            terminated
  0x00000203a010ac00 WorkerThread "G1 Conc#0"                       [id=6656, stack(0x0000003b2ed00000,0x0000003b2ee00000) (1024K)]
  0x0000020407d57940 WorkerThread "G1 Conc#1"                       [id=27244, stack(0x0000003b31c00000,0x0000003b31d00000) (1024K)]
  0x0000020407ebdcb0 WorkerThread "G1 Conc#2"                       [id=45828, stack(0x0000003b31d00000,0x0000003b31e00000) (1024K)]
  0x0000020407ebca40 WorkerThread "G1 Conc#3"                       [id=46568, stack(0x0000003b31e00000,0x0000003b31f00000) (1024K)]
  0x00000203bf67a0a0 ConcurrentGCThread "G1 Refine#0"               terminated
  0x00000203bf67b9e0 ConcurrentGCThread "G1 Service"                terminated
Total: 23

Threads with active compile tasks:
C2 CompilerThread0  33247 4690       4       sun.invoke.util.VerifyAccess::isSamePackage (37 bytes)
Total: 1

VM state: at safepoint (shutting down)

VM Mutex/Monitor currently owned by a thread:  ([mutex/lock_event])
[0x00007ff8cb3a3910] Threads_lock - owner thread: 0x00000203bf7c55d0
[0x00007ff8cb3a3a10] Heap_lock - owner thread: 0x000002040832f440

Heap address: 0x0000000705e00000, size: 4002 MB, Compressed Oops mode: Zero based, Oop shift amount: 3

CDS archive(s) mapped at: [0x00000203c1000000-0x00000203c1d70000-0x00000203c1d70000), size 14090240, SharedBaseAddress: 0x00000203c1000000, ArchiveRelocationMode: 1.
Compressed class space mapped at: 0x00000203c2000000-0x0000020402000000, reserved size: 1073741824
Narrow klass base: 0x00000203c1000000, Narrow klass shift: 0, Narrow klass range: 0x41000000

GC Precious Log:
 CardTable entry size: 512
 Card Set container configuration: InlinePtr #cards 4 size 8 Array Of Cards #cards 16 size 48 Howl #buckets 8 coarsen threshold 3686 Howl Bitmap #cards 512 size 80 coarsen threshold 460 Card regions per heap region 1 cards per card region 4096
 CPUs: 20 total, 20 available
 Memory: 16003M
 Large Page Support: Disabled
 NUMA Support: Disabled
 Compressed Oops: Enabled (Zero based)
 Heap Region Size: 2M
 Heap Min Capacity: 8M
 Heap Initial Capacity: 252M
 Heap Max Capacity: 4002M
 Pre-touch: Disabled
 Parallel Workers: 15
 Concurrent Workers: 4
 Concurrent Refinement Workers: 15
 Periodic GC: Disabled

Heap:
 garbage-first heap   total reserved 4098048K, committed 61440K, used 46752K [0x0000000705e00000, 0x0000000800000000)
  region size 2048K, 18 young (36864K), 4 survivors (8192K)
 Metaspace       used 25979K, committed 26432K, reserved 1114112K
  class space    used 3698K, committed 3904K, reserved 1048576K

Heap Regions: E=young(eden), S=young(survivor), O=old, HS=humongous(starts), HC=humongous(continues), CS=collection set, F=free, TAMS=top-at-mark-start, PB=parsable bottom
|   0|0x0000000705e00000, 0x0000000706000000, 0x0000000706000000|100%| O|  |TAMS 0x0000000705e00000| PB 0x0000000705e00000| Untracked |  0
|   1|0x0000000706000000, 0x00000007060b86e0, 0x0000000706200000| 36%| O|  |TAMS 0x0000000706000000| PB 0x0000000706000000| Untracked |  0
|   2|0x0000000706200000, 0x0000000706400000, 0x0000000706400000|100%|HS|  |TAMS 0x0000000706200000| PB 0x0000000706200000| Complete |  0
|   3|0x0000000706400000, 0x0000000706600000, 0x0000000706600000|100%|HC|  |TAMS 0x0000000706400000| PB 0x0000000706400000| Complete |  0
|   4|0x0000000706600000, 0x0000000706800000, 0x0000000706800000|100%|HS|  |TAMS 0x0000000706600000| PB 0x0000000706600000| Complete |  0
|   5|0x0000000706800000, 0x0000000706a00000, 0x0000000706a00000|100%|HC|  |TAMS 0x0000000706800000| PB 0x0000000706800000| Complete |  0
|   6|0x0000000706a00000, 0x0000000706c00000, 0x0000000706c00000|100%|HS|  |TAMS 0x0000000706a00000| PB 0x0000000706a00000| Complete |  0
|   7|0x0000000706c00000, 0x0000000706c00000, 0x0000000706e00000|  0%| F|  |TAMS 0x0000000706c00000| PB 0x0000000706c00000| Untracked |  0
|   8|0x0000000706e00000, 0x0000000706e00000, 0x0000000707000000|  0%| F|  |TAMS 0x0000000706e00000| PB 0x0000000706e00000| Untracked |  0
|   9|0x0000000707000000, 0x0000000707000000, 0x0000000707200000|  0%| F|  |TAMS 0x0000000707000000| PB 0x0000000707000000| Untracked |  0
|  10|0x0000000707200000, 0x0000000707200000, 0x0000000707400000|  0%| F|  |TAMS 0x0000000707200000| PB 0x0000000707200000| Untracked |  0
|  11|0x0000000707400000, 0x0000000707400000, 0x0000000707600000|  0%| F|  |TAMS 0x0000000707400000| PB 0x0000000707400000| Untracked |  0
|  12|0x0000000707600000, 0x0000000707762540, 0x0000000707800000| 69%| E|  |TAMS 0x0000000707600000| PB 0x0000000707600000| Complete |  0
|  13|0x0000000707800000, 0x0000000707a00000, 0x0000000707a00000|100%| E|CS|TAMS 0x0000000707800000| PB 0x0000000707800000| Complete |  0
|  14|0x0000000707a00000, 0x0000000707c00000, 0x0000000707c00000|100%| E|CS|TAMS 0x0000000707a00000| PB 0x0000000707a00000| Complete |  0
|  15|0x0000000707c00000, 0x0000000707e00000, 0x0000000707e00000|100%| E|CS|TAMS 0x0000000707c00000| PB 0x0000000707c00000| Complete |  0
|  16|0x0000000707e00000, 0x0000000708000000, 0x0000000708000000|100%| E|CS|TAMS 0x0000000707e00000| PB 0x0000000707e00000| Complete |  0
|  17|0x0000000708000000, 0x0000000708200000, 0x0000000708200000|100%| E|CS|TAMS 0x0000000708000000| PB 0x0000000708000000| Complete |  0
|  18|0x0000000708200000, 0x0000000708400000, 0x0000000708400000|100%| E|CS|TAMS 0x0000000708200000| PB 0x0000000708200000| Complete |  0
|  19|0x0000000708400000, 0x0000000708600000, 0x0000000708600000|100%| E|CS|TAMS 0x0000000708400000| PB 0x0000000708400000| Complete |  0
|  20|0x0000000708600000, 0x0000000708800000, 0x0000000708800000|100%| E|CS|TAMS 0x0000000708600000| PB 0x0000000708600000| Complete |  0
|  21|0x0000000708800000, 0x0000000708a00000, 0x0000000708a00000|100%| E|CS|TAMS 0x0000000708800000| PB 0x0000000708800000| Complete |  0
|  22|0x0000000708a00000, 0x0000000708c00000, 0x0000000708c00000|100%| E|CS|TAMS 0x0000000708a00000| PB 0x0000000708a00000| Complete |  0
|  23|0x0000000708c00000, 0x0000000708e00000, 0x0000000708e00000|100%| E|CS|TAMS 0x0000000708c00000| PB 0x0000000708c00000| Complete |  0
| 101|0x0000000712800000, 0x00000007128efb20, 0x0000000712a00000| 46%| S|CS|TAMS 0x0000000712800000| PB 0x0000000712800000| Complete |  0
| 102|0x0000000712a00000, 0x0000000712c00000, 0x0000000712c00000|100%| S|CS|TAMS 0x0000000712a00000| PB 0x0000000712a00000| Complete |  0
| 103|0x0000000712c00000, 0x0000000712e00000, 0x0000000712e00000|100%| S|CS|TAMS 0x0000000712c00000| PB 0x0000000712c00000| Complete |  0
| 104|0x0000000712e00000, 0x0000000713000000, 0x0000000713000000|100%| S|CS|TAMS 0x0000000712e00000| PB 0x0000000712e00000| Complete |  0
| 124|0x0000000715600000, 0x0000000715800000, 0x0000000715800000|100%| E|CS|TAMS 0x0000000715600000| PB 0x0000000715600000| Complete |  0
| 125|0x0000000715800000, 0x0000000715a00000, 0x0000000715a00000|100%| E|CS|TAMS 0x0000000715800000| PB 0x0000000715800000| Complete |  0

Card table byte_map: [0x00000203b8b50000,0x00000203b9330000] _byte_map_base: 0x00000203b5321000

Marking Bits: (CMBitMap*) 0x00000203a00f5000
 Bits: [0x00000203b9330000, 0x00000203bd1b8000)

Polling page: 0x000002039dba0000

Metaspace:

Usage:
  Non-class:     21.76 MB used.
      Class:      3.61 MB used.
       Both:     25.37 MB used.

Virtual space:
  Non-class space:       64.00 MB reserved,      22.00 MB ( 34%) committed,  1 nodes.
      Class space:        1.00 GB reserved,       3.81 MB ( <1%) committed,  1 nodes.
             Both:        1.06 GB reserved,      25.81 MB (  2%) committed. 

Chunk freelists:
   Non-Class:  9.78 MB
       Class:  12.14 MB
        Both:  21.92 MB

MaxMetaspaceSize: unlimited
CompressedClassSpaceSize: 1.00 GB
Initial GC threshold: 21.00 MB
Current GC threshold: 35.12 MB
CDS: on
 - commit_granule_bytes: 65536.
 - commit_granule_words: 8192.
 - virtual_space_node_default_size: 8388608.
 - enlarge_chunks_in_place: 1.
 - use_allocation_guard: 0.


Internal statistics:

num_allocs_failed_limit: 3.
num_arena_births: 576.
num_arena_deaths: 0.
num_vsnodes_births: 2.
num_vsnodes_deaths: 0.
num_space_committed: 413.
num_space_uncommitted: 0.
num_chunks_returned_to_freelist: 3.
num_chunks_taken_from_freelist: 1326.
num_chunk_merges: 3.
num_chunk_splits: 870.
num_chunks_enlarged: 616.
num_inconsistent_stats: 0.

CodeHeap 'non-profiled nmethods': size=119232Kb used=1746Kb max_used=1746Kb free=117485Kb
 bounds [0x00000203b0350000, 0x00000203b05c0000, 0x00000203b77c0000]
CodeHeap 'profiled nmethods': size=119104Kb used=7233Kb max_used=7233Kb free=111870Kb
 bounds [0x00000203a87c0000, 0x00000203a8ee0000, 0x00000203afc10000]
CodeHeap 'non-nmethods': size=7424Kb used=1890Kb max_used=3649Kb free=5533Kb
 bounds [0x00000203afc10000, 0x00000203affb0000, 0x00000203b0350000]
CodeCache: size=245760Kb, used=10869Kb, max_used=12628Kb, free=234888Kb
 total_blobs=5596, nmethods=4688, adapters=811, full_count=0
Compilation: enabled, stopped_count=0, restarted_count=0

Compilation events (20 events):
Event: 9.349 Thread 0x0000020407cc1f60 4681       4       java.io.BufferedOutputStream::growIfNeeded (59 bytes)
Event: 9.352 Thread 0x0000020407cc1f60 nmethod 4681 0x00000203b04ea908 code [0x00000203b04eaa00, 0x00000203b04eaae0]
Event: 9.352 Thread 0x0000020407cc1f60 4569       4       com.sun.org.apache.xerces.internal.util.XMLChar::isContent (35 bytes)
Event: 9.354 Thread 0x0000020407cc1f60 nmethod 4569 0x00000203b04eac08 code [0x00000203b04ead00, 0x00000203b04eadb8]
Event: 9.363 Thread 0x00000203bf7ea790 nmethod 4664 0x00000203b04eaf08 code [0x00000203b04eb160, 0x00000203b04ec610]
Event: 9.363 Thread 0x0000020407cc11c0 nmethod 4680 0x00000203b04ec888 code [0x00000203b04ecb60, 0x00000203b04ee310]
Event: 9.364 Thread 0x0000020407cc2d00 nmethod 4685 0x00000203b04ee508 code [0x00000203b04ee6c0, 0x00000203b04eee10]
Event: 9.367 Thread 0x0000020407cbf680 nmethod 4684 0x00000203b04eef88 code [0x00000203b04ef180, 0x00000203b04effe8]
Event: 9.375 Thread 0x00000203c069d460 4686 %     3       ru.mono.pong.controllers.GameController::initialize @ 160 (206 bytes)
Event: 9.379 Thread 0x00000203c069d460 nmethod 4686% 0x00000203a8ec3988 code [0x00000203a8ec4120, 0x00000203a8ec9d28]
Event: 9.379 Thread 0x00000203bf7eb9e0 4687       3       ru.mono.pong.controllers.GameController::initialize (206 bytes)
Event: 9.382 Thread 0x00000203bf7eb9e0 nmethod 4687 0x00000203a8eca008 code [0x00000203a8eca7a0, 0x00000203a8ed02e8]
Event: 9.467 Thread 0x0000020407cc1f60 4688 %     4       ru.mono.pong.controllers.GameController::initialize @ 160 (206 bytes)
Event: 9.524 Thread 0x0000020407cc1f60 nmethod 4688% 0x00000203b04f0288 code [0x00000203b04f06c0, 0x00000203b04f2fc8]
Event: 9.539 Thread 0x0000020407cc1890 nmethod 4683 0x00000203b04f3288 code [0x00000203b04f3900, 0x00000203b04f87d0]
Event: 9.547 Thread 0x00000203c066dbe0 nmethod 4662 0x00000203b04f8c08 code [0x00000203b04f9300, 0x00000203b04fe708]
Event: 9.547 Thread 0x0000020407cbfd50 nmethod 4682 0x00000203b04feb88 code [0x00000203b04ff280, 0x00000203b05043b8]
Event: 32.325 Thread 0x00000203bf7eb9e0 4689       1       java.util.logging.Logger::getName (5 bytes)
Event: 32.325 Thread 0x00000203bf7eb9e0 nmethod 4689 0x00000203b0504808 code [0x00000203b0504920, 0x00000203b05049f0]
Event: 32.326 Thread 0x00000203bf7ea790 4690       4       sun.invoke.util.VerifyAccess::isSamePackage (37 bytes)

GC Heap History (6 events):
Event: 0.724 GC heap before
{Heap before GC invocations=0 (full 0):
 garbage-first heap   total reserved 4098048K, committed 258048K, used 24576K [0x0000000705e00000, 0x0000000800000000)
  region size 2048K, 12 young (24576K), 0 survivors (0K)
 Metaspace       used 4800K, committed 5056K, reserved 1114112K
  class space    used 540K, committed 640K, reserved 1048576K
}
Event: 0.728 GC heap after
{Heap after GC invocations=1 (full 0):
 garbage-first heap   total reserved 4098048K, committed 258048K, used 3031K [0x0000000705e00000, 0x0000000800000000)
  region size 2048K, 2 young (4096K), 2 survivors (4096K)
 Metaspace       used 4800K, committed 5056K, reserved 1114112K
  class space    used 540K, committed 640K, reserved 1048576K
}
Event: 1.029 GC heap before
{Heap before GC invocations=1 (full 0):
 garbage-first heap   total reserved 4098048K, committed 258048K, used 27607K [0x0000000705e00000, 0x0000000800000000)
  region size 2048K, 14 young (28672K), 2 survivors (4096K)
 Metaspace       used 11071K, committed 11328K, reserved 1114112K
  class space    used 1477K, committed 1600K, reserved 1048576K
}
Event: 1.034 GC heap after
{Heap after GC invocations=2 (full 0):
 garbage-first heap   total reserved 4098048K, committed 258048K, used 6270K [0x0000000705e00000, 0x0000000800000000)
  region size 2048K, 2 young (4096K), 2 survivors (4096K)
 Metaspace       used 11071K, committed 11328K, reserved 1114112K
  class space    used 1477K, committed 1600K, reserved 1048576K
}
Event: 2.486 GC heap before
{Heap before GC invocations=2 (full 0):
 garbage-first heap   total reserved 4098048K, committed 258048K, used 51326K [0x0000000705e00000, 0x0000000800000000)
  region size 2048K, 21 young (43008K), 2 survivors (4096K)
 Metaspace       used 21092K, committed 21504K, reserved 1114112K
  class space    used 3054K, committed 3264K, reserved 1048576K
}
Event: 2.491 GC heap after
{Heap after GC invocations=3 (full 0):
 garbage-first heap   total reserved 4098048K, committed 258048K, used 16032K [0x0000000705e00000, 0x0000000800000000)
  region size 2048K, 4 young (8192K), 4 survivors (8192K)
 Metaspace       used 21092K, committed 21504K, reserved 1114112K
  class space    used 3054K, committed 3264K, reserved 1048576K
}

Dll operation events (20 events):
Event: 0.397 Loaded shared library C:\Users\levch\.openjfx\cache\22-ea+11\amd64\api-ms-win-crt-multibyte-l1-1-0.dll
Event: 0.400 Loaded shared library C:\Users\levch\.openjfx\cache\22-ea+11\amd64\api-ms-win-crt-private-l1-1-0.dll
Event: 0.402 Loaded shared library C:\Users\levch\.openjfx\cache\22-ea+11\amd64\api-ms-win-crt-process-l1-1-0.dll
Event: 0.404 Loaded shared library C:\Users\levch\.openjfx\cache\22-ea+11\amd64\api-ms-win-crt-runtime-l1-1-0.dll
Event: 0.406 Loaded shared library C:\Users\levch\.openjfx\cache\22-ea+11\amd64\api-ms-win-crt-stdio-l1-1-0.dll
Event: 0.408 Loaded shared library C:\Users\levch\.openjfx\cache\22-ea+11\amd64\api-ms-win-crt-string-l1-1-0.dll
Event: 0.410 Loaded shared library C:\Users\levch\.openjfx\cache\22-ea+11\amd64\api-ms-win-crt-time-l1-1-0.dll
Event: 0.411 Loaded shared library C:\Users\levch\.openjfx\cache\22-ea+11\amd64\api-ms-win-crt-utility-l1-1-0.dll
Event: 0.424 Loaded shared library C:\Users\levch\.openjfx\cache\22-ea+11\amd64\ucrtbase.dll
Event: 0.428 Loaded shared library C:\Users\levch\.openjfx\cache\22-ea+11\amd64\vcruntime140.dll
Event: 0.431 Loaded shared library C:\Users\levch\.openjfx\cache\22-ea+11\amd64\vcruntime140_1.dll
Event: 0.438 Loaded shared library C:\Users\levch\.openjfx\cache\22-ea+11\amd64\msvcp140.dll
Event: 0.441 Loaded shared library C:\Users\levch\.openjfx\cache\22-ea+11\amd64\msvcp140_1.dll
Event: 0.444 Loaded shared library C:\Users\levch\.openjfx\cache\22-ea+11\amd64\msvcp140_2.dll
Event: 0.476 Loaded shared library C:\Users\levch\.openjfx\cache\22-ea+11\amd64\prism_d3d.dll
Event: 0.565 Loaded shared library C:\Users\levch\.openjfx\cache\22-ea+11\amd64\glass.dll
Event: 0.758 Loaded shared library C:\Users\levch\.jdks\openjdk-23.0.1\bin\jimage.dll
Event: 0.970 Loaded shared library C:\Users\levch\.openjfx\cache\22-ea+11\amd64\javafx_font.dll
Event: 2.460 Loaded shared library C:\Users\levch\.jdks\openjdk-23.0.1\bin\sunmscapi.dll
Event: 9.238 Loaded shared library C:\Users\levch\.openjfx\cache\22-ea+11\amd64\javafx_iio.dll

Deoptimization events (20 events):
Event: 9.153 Thread 0x0000020406c50670 Uncommon trap: trap_request=0xffffffde fr.pc=0x00000203b0494298 relative=0x00000000000005b8
Event: 9.153 Thread 0x0000020406c50670 Uncommon trap: reason=class_check action=maybe_recompile pc=0x00000203b0494298 method=java.lang.String.<init>(Ljava/lang/AbstractStringBuilder;Ljava/lang/Void;)V @ 10 c2
Event: 9.153 Thread 0x0000020406c50670 DEOPT PACKING pc=0x00000203b0494298 sp=0x0000003b309fb9c0
Event: 9.153 Thread 0x0000020406c50670 DEOPT UNPACKING pc=0x00000203afc64402 sp=0x0000003b309fb990 mode 2
Event: 9.206 Thread 0x0000020406c50670 Uncommon trap: trap_request=0xffffff45 fr.pc=0x00000203b03b7a3c relative=0x000000000000019c
Event: 9.206 Thread 0x0000020406c50670 Uncommon trap: reason=unstable_if action=reinterpret pc=0x00000203b03b7a3c method=java.util.concurrent.locks.ReentrantLock$NonfairSync.initialTryLock()Z @ 25 c2
Event: 9.206 Thread 0x0000020406c50670 DEOPT PACKING pc=0x00000203b03b7a3c sp=0x0000003b309fb7c0
Event: 9.206 Thread 0x0000020406c50670 DEOPT UNPACKING pc=0x00000203afc64402 sp=0x0000003b309fb648 mode 2
Event: 9.206 Thread 0x0000020406c50670 Uncommon trap: trap_request=0xffffff45 fr.pc=0x00000203b03bc5f0 relative=0x0000000000000130
Event: 9.206 Thread 0x0000020406c50670 Uncommon trap: reason=unstable_if action=reinterpret pc=0x00000203b03bc5f0 method=java.util.concurrent.locks.ReentrantLock$Sync.tryRelease(I)Z @ 26 c2
Event: 9.206 Thread 0x0000020406c50670 DEOPT PACKING pc=0x00000203b03bc5f0 sp=0x0000003b309fb7c0
Event: 9.206 Thread 0x0000020406c50670 DEOPT UNPACKING pc=0x00000203afc64402 sp=0x0000003b309fb640 mode 2
Event: 9.272 Thread 0x0000020406c50670 DEOPT PACKING pc=0x00000203a8863e3f sp=0x0000003b309faed0
Event: 9.272 Thread 0x0000020406c50670 DEOPT UNPACKING pc=0x00000203afc64b22 sp=0x0000003b309fa348 mode 0
Event: 9.277 Thread 0x0000020406c50670 DEOPT PACKING pc=0x00000203a8863e3f sp=0x0000003b309faf20
Event: 9.277 Thread 0x0000020406c50670 DEOPT UNPACKING pc=0x00000203afc64b22 sp=0x0000003b309fa398 mode 0
Event: 9.280 Thread 0x0000020406c50670 DEOPT PACKING pc=0x00000203a8863e3f sp=0x0000003b309faf20
Event: 9.280 Thread 0x0000020406c50670 DEOPT UNPACKING pc=0x00000203afc64b22 sp=0x0000003b309fa398 mode 0
Event: 9.525 Thread 0x0000020406c50670 DEOPT PACKING pc=0x00000203a8ec99a9 sp=0x0000003b309fb220
Event: 9.525 Thread 0x0000020406c50670 DEOPT UNPACKING pc=0x00000203afc64b22 sp=0x0000003b309fa898 mode 0

Classes loaded (20 events):
Event: 9.262 Loading class sun/nio/ch/DatagramDispatcher
Event: 9.262 Loading class sun/nio/ch/DatagramDispatcher done
Event: 9.262 Loading class sun/net/ResourceManager
Event: 9.262 Loading class sun/net/ResourceManager done
Event: 9.262 Loading class sun/nio/ch/NativeSocketAddress
Event: 9.263 Loading class sun/nio/ch/NativeSocketAddress done
Event: 9.263 Loading class sun/nio/ch/DatagramSocketAdaptor
Event: 9.263 Loading class sun/nio/ch/DatagramSocketAdaptor done
Event: 9.263 Loading class sun/nio/ch/DatagramSocketAdaptor$DatagramSockets
Event: 9.263 Loading class sun/nio/ch/DatagramSocketAdaptor$DatagramSockets done
Event: 9.264 Loading class sun/nio/ch/DatagramChannelImpl$DefaultOptionsHolder
Event: 9.264 Loading class sun/nio/ch/DatagramChannelImpl$DefaultOptionsHolder done
Event: 9.266 Loading class java/net/DatagramPacket
Event: 9.266 Loading class java/net/DatagramPacket done
Event: 9.267 Loading class sun/nio/ch/DatagramChannelImpl$DatagramPackets
Event: 9.268 Loading class sun/nio/ch/DatagramChannelImpl$DatagramPackets done
Event: 9.279 Loading class java/lang/foreign/MemorySegment
Event: 9.279 Loading class java/lang/foreign/MemorySegment done
Event: 32.323 Loading class jdk/internal/misc/Signal$1
Event: 32.323 Loading class jdk/internal/misc/Signal$1 done

Classes unloaded (0 events):
No events

Classes redefined (0 events):
No events

Internal exceptions (20 events):
Event: 2.312 Thread 0x0000020407a3ba90 Exception <a 'java/lang/NoSuchMethodError'{0x0000000713965920}: 'long java.lang.invoke.DirectMethodHandle$Holder.invokeSpecial(java.lang.Object, java.lang.Object)'> (0x0000000713965920) 
thrown [s\open\src\hotspot\share\interpreter\linkResolver.cpp, line 796]
Event: 2.312 Thread 0x0000020407a3ba90 Exception <a 'java/lang/NoSuchMethodError'{0x000000071396b890}: 'int java.lang.invoke.DirectMethodHandle$Holder.invokeStatic(java.lang.Object, java.lang.Object, java.lang.Object, java.lang.Object)'> (0x000000071396b890) 
thrown [s\open\src\hotspot\share\interpreter\linkResolver.cpp, line 796]
Event: 2.340 Thread 0x0000020407a3ba90 Exception <a 'sun/nio/fs/WindowsException'{0x0000000713649300}> (0x0000000713649300) 
thrown [s\open\src\hotspot\share\prims\jni.cpp, line 520]
Event: 2.344 Thread 0x0000020407a3ba90 Exception <a 'sun/nio/fs/WindowsException'{0x00000007136613b0}> (0x00000007136613b0) 
thrown [s\open\src\hotspot\share\prims\jni.cpp, line 520]
Event: 2.426 Thread 0x0000020407a3ba90 Exception <a 'java/lang/NoSuchMethodError'{0x00000007130a2ac0}: 'java.lang.Object java.lang.invoke.DirectMethodHandle$Holder.invokeStaticInit(java.lang.Object, int, int, int, int)'> (0x00000007130a2ac0) 
thrown [s\open\src\hotspot\share\interpreter\linkResolver.cpp, line 796]
Event: 2.441 Thread 0x0000020407a3ba90 Exception <a 'java/lang/NoSuchMethodError'{0x00000007131314b8}: 'java.lang.Object java.lang.invoke.DirectMethodHandle$Holder.invokeStaticInit(java.lang.Object, java.lang.Object, int, int, int, int)'> (0x00000007131314b8) 
thrown [s\open\src\hotspot\share\interpreter\linkResolver.cpp, line 796]
Event: 2.479 Thread 0x0000020407a3ba90 Exception <a 'sun/nio/fs/WindowsException'{0x00000007131b91b0}> (0x00000007131b91b0) 
thrown [s\open\src\hotspot\share\prims\jni.cpp, line 520]
Event: 2.511 Thread 0x0000020407a3ba90 Exception <a 'java/lang/NoSuchMethodError'{0x0000000715656230}: 'java.lang.Object java.lang.invoke.DirectMethodHandle$Holder.invokeSpecial(java.lang.Object, java.lang.Object, java.lang.Object, java.lang.Object, int)'> (0x0000000715656230) 
thrown [s\open\src\hotspot\share\interpreter\linkResolver.cpp, line 796]
Event: 2.511 Thread 0x0000020407a3ba90 Exception <a 'java/lang/NoSuchMethodError'{0x00000007156596d0}: 'java.lang.Object java.lang.invoke.Invokers$Holder.linkToTargetMethod(java.lang.Object, java.lang.Object, int, java.lang.Object)'> (0x00000007156596d0) 
thrown [s\open\src\hotspot\share\interpreter\linkResolver.cpp, line 796]
Event: 2.529 Thread 0x0000020407a3a050 Exception <a 'java/lang/NoSuchMethodError'{0x0000000715604da8}: 'int java.lang.invoke.DirectMethodHandle$Holder.invokeStatic(java.lang.Object, int, java.lang.Object)'> (0x0000000715604da8) 
thrown [s\open\src\hotspot\share\interpreter\linkResolver.cpp, line 796]
Event: 2.529 Thread 0x0000020407a3a050 Exception <a 'java/lang/NoSuchMethodError'{0x000000071560cbe8}: 'void java.lang.invoke.DirectMethodHandle$Holder.invokeStatic(java.lang.Object, java.lang.Object, int)'> (0x000000071560cbe8) 
thrown [s\open\src\hotspot\share\interpreter\linkResolver.cpp, line 796]
Event: 2.542 Thread 0x0000020407a3a6e0 Exception <a 'java/lang/NoSuchMethodError'{0x00000007157b45e0}: 'java.lang.Object java.lang.invoke.DirectMethodHandle$Holder.newInvokeSpecial(java.lang.Object, java.lang.Object, long, java.lang.Object, java.lang.Object, java.lang.Object)'> (0x00000007157b45e0) 
thrown [s\open\src\hotspot\share\interpreter\linkResolver.cpp, line 796]
Event: 2.545 Thread 0x0000020407a3a6e0 Exception <a 'java/lang/NoSuchMethodError'{0x00000007157cb3d0}: 'void java.lang.invoke.DirectMethodHandle$Holder.invokeSpecial(java.lang.Object, java.lang.Object, java.lang.Object, java.lang.Object, java.lang.Object, java.lang.Object, java.lang.Object)'> (0x00000007157cb3d0) 
thrown [s\open\src\hotspot\share\interpreter\linkResolver.cpp, line 796]
Event: 6.852 Thread 0x000002040832c650 Exception <a 'java/lang/NoSuchMethodError'{0x00000007087a0aa0}: 'int java.lang.invoke.Invokers$Holder.invokeExact_MT(java.lang.Object, java.lang.Object, java.lang.Object)'> (0x00000007087a0aa0) 
thrown [s\open\src\hotspot\share\interpreter\linkResolver.cpp, line 796]
Event: 6.948 Thread 0x000002040832c650 Exception <a 'java/lang/NoSuchMethodError'{0x00000007084674b8}: 'void java.lang.invoke.Invokers$Holder.invokeExact_MT(java.lang.Object, java.lang.Object, int, java.lang.Object)'> (0x00000007084674b8) 
thrown [s\open\src\hotspot\share\interpreter\linkResolver.cpp, line 796]
Event: 6.963 Thread 0x0000020406c50670 Exception <a 'java/lang/NoSuchMethodError'{0x00000007084a3b50}: 'java.lang.Object java.lang.invoke.DirectMethodHandle$Holder.newInvokeSpecial(java.lang.Object, double)'> (0x00000007084a3b50) 
thrown [s\open\src\hotspot\share\interpreter\linkResolver.cpp, line 796]
Event: 7.489 Thread 0x0000020406c50670 Exception <a 'java/lang/NoSuchMethodError'{0x000000070831b780}: 'java.lang.Object java.lang.invoke.DelegatingMethodHandle$Holder.reinvoke_L(java.lang.Object, double, double, double, double)'> (0x000000070831b780) 
thrown [s\open\src\hotspot\share\interpreter\linkResolver.cpp, line 796]
Event: 7.490 Thread 0x0000020406c50670 Exception <a 'java/lang/NoSuchMethodError'{0x0000000708323878}: 'void java.lang.invoke.DirectMethodHandle$Holder.invokeStatic(java.lang.Object, java.lang.Object, int, java.lang.Object)'> (0x0000000708323878) 
thrown [s\open\src\hotspot\share\interpreter\linkResolver.cpp, line 796]
Event: 7.490 Thread 0x0000020406c50670 Exception <a 'java/lang/NoSuchMethodError'{0x000000070832a5e8}: 'void java.lang.invoke.DelegatingMethodHandle$Holder.delegate(java.lang.Object, java.lang.Object, int, java.lang.Object)'> (0x000000070832a5e8) 
thrown [s\open\src\hotspot\share\interpreter\linkResolver.cpp, line 796]
Event: 9.234 Thread 0x0000020406c50670 Exception <a 'java/io/FileNotFoundException'{0x0000000707aae960}> (0x0000000707aae960) 
thrown [s\open\src\hotspot\share\prims\jni.cpp, line 520]

VM Operations (20 events):
Event: 2.380 Executing VM operation: HandshakeAllThreads (Deoptimize) done
Event: 2.486 Executing VM operation: CollectForMetadataAllocation (Metadata GC Threshold)
Event: 2.491 Executing VM operation: CollectForMetadataAllocation (Metadata GC Threshold) done
Event: 2.495 Executing VM operation: G1PauseRemark
Event: 2.497 Executing VM operation: G1PauseRemark done
Event: 2.497 Executing VM operation: G1PauseCleanup
Event: 2.497 Executing VM operation: G1PauseCleanup done
Event: 2.538 Executing VM operation: HandshakeAllThreads (Deoptimize)
Event: 2.538 Executing VM operation: HandshakeAllThreads (Deoptimize) done
Event: 2.539 Executing VM operation: HandshakeAllThreads (Deoptimize)
Event: 2.539 Executing VM operation: HandshakeAllThreads (Deoptimize) done
Event: 6.847 Executing VM operation: HandshakeAllThreads (Deoptimize)
Event: 6.847 Executing VM operation: HandshakeAllThreads (Deoptimize) done
Event: 7.488 Executing VM operation: HandshakeAllThreads (Deoptimize)
Event: 7.488 Executing VM operation: HandshakeAllThreads (Deoptimize) done
Event: 7.490 Executing VM operation: HandshakeAllThreads (Deoptimize)
Event: 7.490 Executing VM operation: HandshakeAllThreads (Deoptimize) done
Event: 7.532 Executing VM operation: HandshakeAllThreads (Deoptimize)
Event: 7.532 Executing VM operation: HandshakeAllThreads (Deoptimize) done
Event: 32.327 Executing VM operation: Exit

Memory protections (0 events):
No events

Nmethod flushes (0 events):
No events

Events (20 events):
Event: 9.288 Thread 0x0000020407cc2d00 Thread added: 0x0000020407cc1f60
Event: 9.288 Thread 0x0000020407cc2d00 Thread added: 0x0000020407cc1890
Event: 9.288 Thread 0x0000020407cc2d00 Thread added: 0x00000203c066dbe0
Event: 14.467 Thread 0x00000203c066dbe0 Thread exited: 0x00000203c066dbe0
Event: 14.467 Thread 0x0000020407cc1f60 Thread exited: 0x0000020407cc1f60
Event: 14.467 Thread 0x00000203c069d460 Thread exited: 0x00000203c069d460
Event: 14.467 Thread 0x00000203c070e490 Thread exited: 0x00000203c070e490
Event: 14.467 Thread 0x0000020407cc11c0 Thread exited: 0x0000020407cc11c0
Event: 14.467 Thread 0x00000203c053d580 Thread exited: 0x00000203c053d580
Event: 14.467 Thread 0x0000020407cc1890 Thread exited: 0x0000020407cc1890
Event: 19.467 Thread 0x0000020407cbfd50 Thread exited: 0x0000020407cbfd50
Event: 19.467 Thread 0x0000020407cbf680 Thread exited: 0x0000020407cbf680
Event: 24.482 Thread 0x0000020407cc2d00 Thread exited: 0x0000020407cc2d00
Event: 32.323 Thread 0x00000203bf7e39e0 Thread added: 0x000002040832f440
Event: 32.324 Thread 0x000002040832f440 Thread added: 0x0000020408330160
Event: 32.324 Thread 0x000002040832f440 Thread added: 0x00000204083307f0
Event: 32.325 Thread 0x00000204083307f0 Thread exited: 0x00000204083307f0
Event: 32.326 Thread 0x000002040832f440 Before exit entered
Event: 32.327 Thread 0x00000203bf7e39e0 Thread exited: 0x00000203bf7e39e0
Event: 32.327 Thread 0x0000020408330160 Thread exited: 0x0000020408330160


Dynamic libraries:
0x00007ff7d5110000 - 0x00007ff7d511e000 	C:\Users\levch\.jdks\openjdk-23.0.1\bin\java.exe
0x00007ff994340000 - 0x00007ff9945a3000 	C:\WINDOWS\SYSTEM32\ntdll.dll
0x00007ff992c70000 - 0x00007ff992d38000 	C:\WINDOWS\System32\KERNEL32.DLL
0x00007ff991de0000 - 0x00007ff992192000 	C:\WINDOWS\System32\KERNELBASE.dll
0x00007ff991c90000 - 0x00007ff991ddb000 	C:\WINDOWS\System32\ucrtbase.dll
0x00007ff98cbf0000 - 0x00007ff98cc07000 	C:\Users\levch\.jdks\openjdk-23.0.1\bin\jli.dll
0x00007ff98cbb0000 - 0x00007ff98cbcb000 	C:\Users\levch\.jdks\openjdk-23.0.1\bin\VCRUNTIME140.dll
0x00007ff994030000 - 0x00007ff9941f8000 	C:\WINDOWS\System32\USER32.dll
0x00007ff973b20000 - 0x00007ff973db0000 	C:\WINDOWS\WinSxS\amd64_microsoft.windows.common-controls_6595b64144ccf1df_6.0.26100.2454_none_3e0b68a2e331ad60\COMCTL32.dll
0x00007ff991a20000 - 0x00007ff991a47000 	C:\WINDOWS\System32\win32u.dll
0x00007ff992c40000 - 0x00007ff992c6a000 	C:\WINDOWS\System32\GDI32.dll
0x00007ff992960000 - 0x00007ff992a09000 	C:\WINDOWS\System32\msvcrt.dll
0x00007ff991710000 - 0x00007ff99183b000 	C:\WINDOWS\System32\gdi32full.dll
0x00007ff9918d0000 - 0x00007ff991973000 	C:\WINDOWS\System32\msvcp_win.dll
0x00007ff993220000 - 0x00007ff99324f000 	C:\WINDOWS\System32\IMM32.DLL
0x00007ff98d2c0000 - 0x00007ff98d2cc000 	C:\Users\levch\.jdks\openjdk-23.0.1\bin\vcruntime140_1.dll
0x00007ff97f830000 - 0x00007ff97f8be000 	C:\Users\levch\.jdks\openjdk-23.0.1\bin\msvcp140.dll
0x00007ff8ca730000 - 0x00007ff8cb47f000 	C:\Users\levch\.jdks\openjdk-23.0.1\bin\server\jvm.dll
0x00007ff993b30000 - 0x00007ff993be4000 	C:\WINDOWS\System32\ADVAPI32.dll
0x00007ff993f80000 - 0x00007ff994026000 	C:\WINDOWS\System32\sechost.dll
0x00007ff993ca0000 - 0x00007ff993db6000 	C:\WINDOWS\System32\RPCRT4.dll
0x00007ff992a10000 - 0x00007ff992a84000 	C:\WINDOWS\System32\WS2_32.dll
0x00007ff9893b0000 - 0x00007ff9893bb000 	C:\WINDOWS\SYSTEM32\VERSION.dll
0x00007ff990380000 - 0x00007ff9903ce000 	C:\WINDOWS\SYSTEM32\POWRPROF.dll
0x00007ff9853c0000 - 0x00007ff9853f6000 	C:\WINDOWS\SYSTEM32\WINMM.dll
0x00007ff990360000 - 0x00007ff990374000 	C:\WINDOWS\SYSTEM32\UMPDC.dll
0x00007ff990620000 - 0x00007ff99063a000 	C:\WINDOWS\SYSTEM32\kernel.appcore.dll
0x00007ff98d120000 - 0x00007ff98d12a000 	C:\Users\levch\.jdks\openjdk-23.0.1\bin\jimage.dll
0x00007ff98efc0000 - 0x00007ff98f201000 	C:\WINDOWS\SYSTEM32\DBGHELP.DLL
0x00007ff993260000 - 0x00007ff9935de000 	C:\WINDOWS\System32\combase.dll
0x00007ff993a50000 - 0x00007ff993b26000 	C:\WINDOWS\System32\OLEAUT32.dll
0x00007ff96b9a0000 - 0x00007ff96b9d9000 	C:\WINDOWS\SYSTEM32\dbgcore.DLL
0x00007ff991980000 - 0x00007ff991a19000 	C:\WINDOWS\System32\bcryptPrimitives.dll
0x00007ff97f760000 - 0x00007ff97f76f000 	C:\Users\levch\.jdks\openjdk-23.0.1\bin\instrument.dll
0x00007ff98afe0000 - 0x00007ff98affe000 	C:\Users\levch\.jdks\openjdk-23.0.1\bin\java.dll
0x00007ff9935f0000 - 0x00007ff993789000 	C:\WINDOWS\System32\ole32.dll
0x00007ff992230000 - 0x00007ff992931000 	C:\WINDOWS\System32\SHELL32.dll
0x00007ff98f400000 - 0x00007ff98fc31000 	C:\WINDOWS\SYSTEM32\windows.storage.dll
0x00007ff993790000 - 0x00007ff99386a000 	C:\WINDOWS\System32\SHCORE.dll
0x00007ff993dc0000 - 0x00007ff993e1d000 	C:\WINDOWS\System32\shlwapi.dll
0x00007ff991620000 - 0x00007ff99164e000 	C:\WINDOWS\SYSTEM32\profapi.dll
0x00007ff97a920000 - 0x00007ff97a9f7000 	C:\Users\levch\.jdks\openjdk-23.0.1\bin\jsvml.dll
0x00007ff980c60000 - 0x00007ff980c70000 	C:\Users\levch\.jdks\openjdk-23.0.1\bin\net.dll
0x00007ff990b00000 - 0x00007ff990b68000 	C:\WINDOWS\system32\mswsock.dll
0x00007ff980c40000 - 0x00007ff980c56000 	C:\Users\levch\.jdks\openjdk-23.0.1\bin\nio.dll
0x00007ff980360000 - 0x00007ff980377000 	C:\Users\levch\.jdks\openjdk-23.0.1\bin\zip.dll
0x00007ff97f540000 - 0x00007ff97f55a000 	C:\Program Files\JetBrains\IntelliJ IDEA Community Edition 2024.2.1\bin\breakgen64.dll
0x000002039f710000 - 0x000002039f713000 	C:\Users\levch\.openjfx\cache\22-ea+11\amd64\api-ms-win-core-console-l1-1-0.dll
0x000002039ffd0000 - 0x000002039ffd3000 	C:\Users\levch\.openjfx\cache\22-ea+11\amd64\api-ms-win-core-console-l1-2-0.dll
0x000002039ffe0000 - 0x000002039ffe3000 	C:\Users\levch\.openjfx\cache\22-ea+11\amd64\api-ms-win-core-datetime-l1-1-0.dll
0x000002039fff0000 - 0x000002039fff3000 	C:\Users\levch\.openjfx\cache\22-ea+11\amd64\api-ms-win-core-debug-l1-1-0.dll
0x00000203a0000000 - 0x00000203a0003000 	C:\Users\levch\.openjfx\cache\22-ea+11\amd64\api-ms-win-core-errorhandling-l1-1-0.dll
0x00000203a0010000 - 0x00000203a0014000 	C:\Users\levch\.openjfx\cache\22-ea+11\amd64\api-ms-win-core-file-l1-1-0.dll
0x00000203a0020000 - 0x00000203a0023000 	C:\Users\levch\.openjfx\cache\22-ea+11\amd64\api-ms-win-core-file-l1-2-0.dll
0x00000203a0030000 - 0x00000203a0033000 	C:\Users\levch\.openjfx\cache\22-ea+11\amd64\api-ms-win-core-file-l2-1-0.dll
0x00000203a0040000 - 0x00000203a0043000 	C:\Users\levch\.openjfx\cache\22-ea+11\amd64\api-ms-win-core-handle-l1-1-0.dll
0x00000203c09c0000 - 0x00000203c09c3000 	C:\Users\levch\.openjfx\cache\22-ea+11\amd64\api-ms-win-core-heap-l1-1-0.dll
0x00000203c09d0000 - 0x00000203c09d3000 	C:\Users\levch\.openjfx\cache\22-ea+11\amd64\api-ms-win-core-interlocked-l1-1-0.dll
0x00000203c09e0000 - 0x00000203c09e3000 	C:\Users\levch\.openjfx\cache\22-ea+11\amd64\api-ms-win-core-libraryloader-l1-1-0.dll
0x00000203c09f0000 - 0x00000203c09f3000 	C:\Users\levch\.openjfx\cache\22-ea+11\amd64\api-ms-win-core-localization-l1-2-0.dll
0x00000203c0a00000 - 0x00000203c0a03000 	C:\Users\levch\.openjfx\cache\22-ea+11\amd64\api-ms-win-core-memory-l1-1-0.dll
0x00000203c0b30000 - 0x00000203c0b33000 	C:\Users\levch\.openjfx\cache\22-ea+11\amd64\api-ms-win-core-namedpipe-l1-1-0.dll
0x00000203c0b40000 - 0x00000203c0b43000 	C:\Users\levch\.openjfx\cache\22-ea+11\amd64\api-ms-win-core-processenvironment-l1-1-0.dll
0x00000203c0b50000 - 0x00000203c0b53000 	C:\Users\levch\.openjfx\cache\22-ea+11\amd64\api-ms-win-core-processthreads-l1-1-0.dll
0x00000203c0b60000 - 0x00000203c0b63000 	C:\Users\levch\.openjfx\cache\22-ea+11\amd64\api-ms-win-core-processthreads-l1-1-1.dll
0x00000203c0b70000 - 0x00000203c0b73000 	C:\Users\levch\.openjfx\cache\22-ea+11\amd64\api-ms-win-core-profile-l1-1-0.dll
0x00000203c0a10000 - 0x00000203c0a13000 	C:\Users\levch\.openjfx\cache\22-ea+11\amd64\api-ms-win-core-rtlsupport-l1-1-0.dll
0x00000203c0a20000 - 0x00000203c0a23000 	C:\Users\levch\.openjfx\cache\22-ea+11\amd64\api-ms-win-core-string-l1-1-0.dll
0x00000203c0a30000 - 0x00000203c0a33000 	C:\Users\levch\.openjfx\cache\22-ea+11\amd64\api-ms-win-core-synch-l1-1-0.dll
0x00000203c0a40000 - 0x00000203c0a43000 	C:\Users\levch\.openjfx\cache\22-ea+11\amd64\api-ms-win-core-synch-l1-2-0.dll
0x00000203c0a50000 - 0x00000203c0a53000 	C:\Users\levch\.openjfx\cache\22-ea+11\amd64\api-ms-win-core-sysinfo-l1-1-0.dll
0x00000203c0a60000 - 0x00000203c0a63000 	C:\Users\levch\.openjfx\cache\22-ea+11\amd64\api-ms-win-core-timezone-l1-1-0.dll
0x00000203c0a70000 - 0x00000203c0a73000 	C:\Users\levch\.openjfx\cache\22-ea+11\amd64\api-ms-win-core-util-l1-1-0.dll
0x00000203c0a80000 - 0x00000203c0a83000 	C:\Users\levch\.openjfx\cache\22-ea+11\amd64\api-ms-win-crt-conio-l1-1-0.dll
0x00000203c0a90000 - 0x00000203c0a94000 	C:\Users\levch\.openjfx\cache\22-ea+11\amd64\api-ms-win-crt-convert-l1-1-0.dll
0x00000203c0aa0000 - 0x00000203c0aa3000 	C:\Users\levch\.openjfx\cache\22-ea+11\amd64\api-ms-win-crt-environment-l1-1-0.dll
0x00000203c0ab0000 - 0x00000203c0ab3000 	C:\Users\levch\.openjfx\cache\22-ea+11\amd64\api-ms-win-crt-filesystem-l1-1-0.dll
0x00000203c0ac0000 - 0x00000203c0ac3000 	C:\Users\levch\.openjfx\cache\22-ea+11\amd64\api-ms-win-crt-heap-l1-1-0.dll
0x00000203c0ad0000 - 0x00000203c0ad3000 	C:\Users\levch\.openjfx\cache\22-ea+11\amd64\api-ms-win-crt-locale-l1-1-0.dll
0x00000203c0ae0000 - 0x00000203c0ae5000 	C:\Users\levch\.openjfx\cache\22-ea+11\amd64\api-ms-win-crt-math-l1-1-0.dll
0x00000203c0af0000 - 0x00000203c0af5000 	C:\Users\levch\.openjfx\cache\22-ea+11\amd64\api-ms-win-crt-multibyte-l1-1-0.dll
0x00000203c0b00000 - 0x00000203c0b10000 	C:\Users\levch\.openjfx\cache\22-ea+11\amd64\api-ms-win-crt-private-l1-1-0.dll
0x00000203c0b10000 - 0x00000203c0b13000 	C:\Users\levch\.openjfx\cache\22-ea+11\amd64\api-ms-win-crt-process-l1-1-0.dll
0x00000203c0b20000 - 0x00000203c0b24000 	C:\Users\levch\.openjfx\cache\22-ea+11\amd64\api-ms-win-crt-runtime-l1-1-0.dll
0x00000203c0b80000 - 0x00000203c0b84000 	C:\Users\levch\.openjfx\cache\22-ea+11\amd64\api-ms-win-crt-stdio-l1-1-0.dll
0x00000203c0b90000 - 0x00000203c0b94000 	C:\Users\levch\.openjfx\cache\22-ea+11\amd64\api-ms-win-crt-string-l1-1-0.dll
0x00000203c0ba0000 - 0x00000203c0ba3000 	C:\Users\levch\.openjfx\cache\22-ea+11\amd64\api-ms-win-crt-time-l1-1-0.dll
0x00000203c0bb0000 - 0x00000203c0bb3000 	C:\Users\levch\.openjfx\cache\22-ea+11\amd64\api-ms-win-crt-utility-l1-1-0.dll
0x00007ff964300000 - 0x00007ff9643fc000 	C:\Users\levch\.openjfx\cache\22-ea+11\amd64\ucrtbase.dll
0x00007ff980340000 - 0x00007ff98035b000 	C:\Users\levch\.openjfx\cache\22-ea+11\amd64\vcruntime140.dll
0x00007ff980620000 - 0x00007ff98062c000 	C:\Users\levch\.openjfx\cache\22-ea+11\amd64\vcruntime140_1.dll
0x00007ff9754e0000 - 0x00007ff97556e000 	C:\Users\levch\.openjfx\cache\22-ea+11\amd64\msvcp140.dll
0x00007ff97f810000 - 0x00007ff97f819000 	C:\Users\levch\.openjfx\cache\22-ea+11\amd64\msvcp140_1.dll
0x00007ff97a840000 - 0x00007ff97a86f000 	C:\Users\levch\.openjfx\cache\22-ea+11\amd64\msvcp140_2.dll
0x00007ff97a6e0000 - 0x00007ff97a70f000 	C:\Users\levch\.openjfx\cache\22-ea+11\amd64\prism_d3d.dll
0x00007ff975220000 - 0x00007ff9753c6000 	C:\WINDOWS\system32\d3d9.dll
0x00007ff98e420000 - 0x00007ff98e44e000 	C:\WINDOWS\SYSTEM32\dwmapi.dll
0x00007ff98e4d0000 - 0x00007ff98e517000 	C:\WINDOWS\SYSTEM32\dxcore.dll
0x00007ff98e0c0000 - 0x00007ff98e16d000 	C:\WINDOWS\system32\uxtheme.dll
0x00007ff989530000 - 0x00007ff9895f4000 	C:\WINDOWS\System32\DriverStore\FileRepository\nvam.inf_amd64_7e083f37999613bd\nvldumdx.dll
0x00007ff990ea0000 - 0x00007ff990eb3000 	C:\WINDOWS\SYSTEM32\msasn1.dll
0x00007ff989370000 - 0x00007ff9893ab000 	C:\WINDOWS\SYSTEM32\cryptnet.dll
0x00007ff991a50000 - 0x00007ff991bc6000 	C:\WINDOWS\System32\CRYPT32.dll
0x00007ff990d30000 - 0x00007ff990d3c000 	C:\WINDOWS\SYSTEM32\cryptbase.dll
0x00007ff990dd0000 - 0x00007ff990e2d000 	C:\WINDOWS\SYSTEM32\wldp.dll
0x00007ff9891f0000 - 0x00007ff989368000 	C:\WINDOWS\SYSTEM32\drvstore.dll
0x00007ff991370000 - 0x00007ff99139d000 	C:\WINDOWS\SYSTEM32\devobj.dll
0x00007ff9913a0000 - 0x00007ff9913ff000 	C:\WINDOWS\SYSTEM32\cfgmgr32.dll
0x00007ff991840000 - 0x00007ff9918bf000 	C:\WINDOWS\System32\wintrust.dll
0x00007ff992d40000 - 0x00007ff992d60000 	C:\WINDOWS\System32\imagehlp.dll
0x00007ff990e40000 - 0x00007ff990e5c000 	C:\WINDOWS\SYSTEM32\CRYPTSP.dll
0x00007ff990580000 - 0x00007ff9905b8000 	C:\WINDOWS\system32\rsaenh.dll
0x00007ff990fd0000 - 0x00007ff990ff6000 	C:\WINDOWS\SYSTEM32\bcrypt.dll
0x00007ff9861b0000 - 0x00007ff988ec0000 	C:\WINDOWS\System32\DriverStore\FileRepository\nvam.inf_amd64_7e083f37999613bd\nvgpucomp64.dll
0x00007ff919000000 - 0x00007ff91ad8c000 	C:\WINDOWS\System32\DriverStore\FileRepository\nvam.inf_amd64_7e083f37999613bd\nvd3dumx.dll
0x00007ff98e270000 - 0x00007ff98e2cc000 	C:\WINDOWS\SYSTEM32\directxdatabasehelper.dll
0x00007ff977610000 - 0x00007ff977652000 	C:\Users\levch\.openjfx\cache\22-ea+11\amd64\glass.dll
0x00007ff994210000 - 0x00007ff9942fd000 	C:\WINDOWS\System32\COMDLG32.dll
0x00007ff993e20000 - 0x00007ff993f7c000 	C:\WINDOWS\System32\MSCTF.dll
0x00007ff952150000 - 0x00007ff952420000 	C:\WINDOWS\system32\nvspcap64.dll
0x00007ff990740000 - 0x00007ff990775000 	C:\WINDOWS\SYSTEM32\ntmarta.dll
0x00007ff990b70000 - 0x00007ff990b97000 	C:\WINDOWS\SYSTEM32\gpapi.dll
0x00007ff925910000 - 0x00007ff925a65000 	C:\WINDOWS\System32\DriverStore\FileRepository\nvam.inf_amd64_7e083f37999613bd\nvppex.dll
0x00007ff97f7a0000 - 0x00007ff97f7b4000 	C:\Users\levch\.openjfx\cache\22-ea+11\amd64\javafx_font.dll
0x00007ff98b690000 - 0x00007ff98b8f5000 	C:\WINDOWS\SYSTEM32\dwrite.dll
0x00007ff992b10000 - 0x00007ff992bb8000 	C:\WINDOWS\System32\clbcatq.dll
0x00007ff98de00000 - 0x00007ff98e02e000 	C:\WINDOWS\SYSTEM32\WindowsCodecs.dll
0x00007ff976830000 - 0x00007ff97688a000 	C:\WINDOWS\system32\dataexchange.dll

dbghelp: loaded successfully - version: 4.0.5 - missing functions: none
symbol engine: initialized successfully - sym options: 0x614 - pdb path: .;C:\Users\levch\.jdks\openjdk-23.0.1\bin;C:\WINDOWS\SYSTEM32;C:\WINDOWS\WinSxS\amd64_microsoft.windows.common-controls_6595b64144ccf1df_6.0.26100.2454_none_3e0b68a2e331ad60;C:\Users\levch\.jdks\openjdk-23.0.1\bin\server;C:\Program Files\JetBrains\IntelliJ IDEA Community Edition 2024.2.1\bin;C:\Users\levch\.openjfx\cache\22-ea+11\amd64;C:\WINDOWS\System32\DriverStore\FileRepository\nvam.inf_amd64_7e083f37999613bd;C:\Program Files\Common Files\Microsoft Shared\Ink

VM Arguments:
jvm_args: -javaagent:C:\Program Files\JetBrains\IntelliJ IDEA Community Edition 2024.2.1\lib\idea_rt.jar=42495:C:\Program Files\JetBrains\IntelliJ IDEA Community Edition 2024.2.1\bin -Dfile.encoding=UTF-8 -Dsun.stdout.encoding=UTF-8 -Dsun.stderr.encoding=UTF-8 --module-path=C:\Users\levch\.m2\repository\org\slf4j\slf4j-api\2.0.7\slf4j-api-2.0.7.jar;C:\Users\levch\.m2\repository\com\google\errorprone\error_prone_annotations\2.27.0\error_prone_annotations-2.27.0.jar;C:\Users\levch\.m2\repository\org\openjfx\javafx-base\22-ea+11\javafx-base-22-ea+11-win.jar;C:\Users\levch\.m2\repository\org\openjfx\javafx-controls\22-ea+11\javafx-controls-22-ea+11-win.jar;C:\Users\levch\.m2\repository\org\openjfx\javafx-graphics\22-ea+11\javafx-graphics-22-ea+11-win.jar;C:\Users\levch\IdeaProjects\Pong\client\target\classes;C:\Users\levch\.m2\repository\com\google\code\gson\gson\2.11.0\gson-2.11.0.jar;C:\Users\levch\.m2\repository\ch\qos\logback\logback-classic\1.4.11\logback-classic-1.4.11.jar;C:\Users\levch\.m2\repository\org\openjfx\javafx-fxml\22-ea+11\javafx-fxml-22-ea+11-win.jar;C:\Users\levch\.m2\repository\ch\qos\logback\logback-core\1.4.11\logback-core-1.4.11.jar -Djdk.module.main=ru.mono.pong 
java_command: ru.mono.pong/ru.mono.pong.Main
java_class_path (initial): C:\Users\levch\.m2\repository\org\openjfx\javafx-controls\22-ea+11\javafx-controls-22-ea+11.jar;C:\Users\levch\.m2\repository\org\openjfx\javafx-graphics\22-ea+11\javafx-graphics-22-ea+11.jar;C:\Users\levch\.m2\repository\org\openjfx\javafx-base\22-ea+11\javafx-base-22-ea+11.jar;C:\Users\levch\.m2\repository\org\openjfx\javafx-fxml\22-ea+11\javafx-fxml-22-ea+11.jar;C:\Users\levch\.m2\repository\io\jsonwebtoken\jjwt\0.9.1\jjwt-0.9.1.jar;C:\Users\levch\.m2\repository\com\fasterxml\jackson\core\jackson-databind\2.9.6\jackson-databind-2.9.6.jar;C:\Users\levch\.m2\repository\com\fasterxml\jackson\core\jackson-annotations\2.9.0\jackson-annotations-2.9.0.jar;C:\Users\levch\.m2\repository\com\fasterxml\jackson\core\jackson-core\2.9.6\jackson-core-2.9.6.jar
Launcher Type: SUN_STANDARD

[Global flags]
     intx CICompilerCount                          = 12                                        {product} {ergonomic}
     uint ConcGCThreads                            = 4                                         {product} {ergonomic}
     uint G1ConcRefinementThreads                  = 15                                        {product} {ergonomic}
   size_t G1HeapRegionSize                         = 2097152                                   {product} {ergonomic}
   size_t InitialHeapSize                          = 264241152                                 {product} {ergonomic}
   size_t MarkStackSize                            = 4194304                                   {product} {ergonomic}
   size_t MarkStackSizeMax                         = 536870912                                 {product} {ergonomic}
   size_t MaxHeapSize                              = 4196401152                                {product} {ergonomic}
   size_t MaxNewSize                               = 2516582400                                {product} {ergonomic}
   size_t MinHeapDeltaBytes                        = 2097152                                   {product} {ergonomic}
   size_t MinHeapSize                              = 8388608                                   {product} {ergonomic}
    uintx NonNMethodCodeHeapSize                   = 7602176                                {pd product} {ergonomic}
    uintx NonProfiledCodeHeapSize                  = 122093568                              {pd product} {ergonomic}
    uintx ProfiledCodeHeapSize                     = 121962496                              {pd product} {ergonomic}
    uintx ReservedCodeCacheSize                    = 251658240                              {pd product} {ergonomic}
     bool SegmentedCodeCache                       = true                                      {product} {ergonomic}
   size_t SoftMaxHeapSize                          = 4196401152                             {manageable} {ergonomic}
     bool UseCompressedOops                        = true                           {product lp64_product} {ergonomic}
     bool UseG1GC                                  = true                                      {product} {ergonomic}
     bool UseLargePagesIndividualAllocation        = false                                  {pd product} {ergonomic}

Logging:
Log output configuration:
 #0: stdout all=off uptime,level,tags foldmultilines=false
 #1: stderr all=off uptime,level,tags foldmultilines=false

Environment Variables:
JAVA_HOME=C:\Program Files\Java\jdk-21
PATH=C:\Program Files\Common Files\Oracle\Java\javapath;C:\Program Files (x86)\VMware\VMware Workstation\bin\;C:\WINDOWS\system32;C:\WINDOWS;C:\WINDOWS\System32\Wbem;C:\WINDOWS\System32\WindowsPowerShell\v1.0\;C:\WINDOWS\System32\OpenSSH\;C:\Program Files (x86)\NVIDIA Corporation\PhysX\Common;C:\Program Files\NVIDIA Corporation\NVIDIA NvDLISR;C:\Program Files\dotnet\;C:\Program Files\PuTTY\;C:\Program Files\Git\cmd;C:\Program Files\AmneziaWG\;C:\Windows\System32;C:\Program Files\MySQL\MySQL Shell 8.0\bin\;C:\Users\levch\AppData\Local\Programs\Python\Python310\Scripts\;C:\Users\levch\AppData\Local\Programs\Python\Python310\;C:\Users\levch\AppData\Local\Microsoft\WindowsApps;C:\Program Files\JetBrains\CLion 2024.1.2\bin;;C:\Program Files (x86)\Nmap;C:\Program Files\Java\jdk-21\bin;C:\Program Files\JetBrains\IntelliJ IDEA Community Edition 2024.2.1\bin;;C:\Users\levch\Downloads\gradle-8.10-bin\gradle-8.10\bin;C:\Users\levch\Downloads\gradle-8.10-bin\gradle-8.10\bin;C:\Users\levch\AppData\Local\GitHubDesktop\bin;C:\Windows\System32;
USERNAME=levch
OS=Windows_NT
PROCESSOR_IDENTIFIER=Intel64 Family 6 Model 154 Stepping 3, GenuineIntel
TMP=C:\Users\levch\AppData\Local\Temp
TEMP=C:\Users\levch\AppData\Local\Temp




Periodic native trim disabled

---------------  S Y S T E M  ---------------

OS:
 Windows 11 , 64 bit Build 26100 (10.0.26100.2454)
OS uptime: 1 days 6:45 hours
Hyper-V role detected

CPU: total 20 (initial active 20) (10 cores per cpu, 2 threads per core) family 6 model 154 stepping 3 microcode 0x421, cx8, cmov, fxsr, ht, mmx, 3dnowpref, sse, sse2, sse3, ssse3, sse4.1, sse4.2, popcnt, lzcnt, tsc, tscinvbit, avx, avx2, aes, erms, clmul, bmi1, bmi2, adx, sha, fma, vzeroupper, clflush, clflushopt, clwb, hv, serialize, rdtscp, rdpid, fsrm, gfni, f16c, cet_ibt, cet_ss
Processor Information for processor 0
  Max Mhz: 2300, Current Mhz: 2300, Mhz Limit: 2300
Processor Information for processor 1
  Max Mhz: 2300, Current Mhz: 2300, Mhz Limit: 2300
Processor Information for processor 2
  Max Mhz: 2300, Current Mhz: 2300, Mhz Limit: 2300
Processor Information for processor 3
  Max Mhz: 2300, Current Mhz: 2300, Mhz Limit: 2300
Processor Information for processor 4
  Max Mhz: 2300, Current Mhz: 2300, Mhz Limit: 2300
Processor Information for processor 5
  Max Mhz: 2300, Current Mhz: 2300, Mhz Limit: 2300
Processor Information for processor 6
  Max Mhz: 2300, Current Mhz: 2300, Mhz Limit: 2300
Processor Information for processor 7
  Max Mhz: 2300, Current Mhz: 2300, Mhz Limit: 2300
Processor Information for processor 8
  Max Mhz: 2300, Current Mhz: 2300, Mhz Limit: 2300
Processor Information for processor 9
  Max Mhz: 2300, Current Mhz: 2300, Mhz Limit: 2300
Processor Information for processor 10
  Max Mhz: 2300, Current Mhz: 2300, Mhz Limit: 2300
Processor Information for processor 11
  Max Mhz: 2300, Current Mhz: 2300, Mhz Limit: 2300
Processor Information for processor 12
  Max Mhz: 2300, Current Mhz: 2300, Mhz Limit: 2300
Processor Information for processor 13
  Max Mhz: 2300, Current Mhz: 2300, Mhz Limit: 2300
Processor Information for processor 14
  Max Mhz: 2300, Current Mhz: 1488, Mhz Limit: 2300
Processor Information for processor 15
  Max Mhz: 2300, Current Mhz: 2300, Mhz Limit: 2300
Processor Information for processor 16
  Max Mhz: 2300, Current Mhz: 2300, Mhz Limit: 2300
Processor Information for processor 17
  Max Mhz: 2300, Current Mhz: 1488, Mhz Limit: 2300
Processor Information for processor 18
  Max Mhz: 2300, Current Mhz: 2300, Mhz Limit: 2300
Processor Information for processor 19
  Max Mhz: 2300, Current Mhz: 1488, Mhz Limit: 2300

Memory: 4k page, system-wide physical 16003M (1985M free)
TotalPageFile size 28291M (AvailPageFile size 633M)
current process WorkingSet (physical memory assigned to process): 174M, peak: 214M
current process commit charge ("private bytes"): 311M, peak: 477M

vm_info: OpenJDK 64-Bit Server VM (23.0.1+11-39) for windows-amd64 JRE (23.0.1+11-39), built on 2024-09-30T07:20:43Z with MS VC++ 17.6 (VS2022)

END.
